{"meta": {"format": 3, "version": "7.15.3", "timestamp": "2026-08-20T04:41:42.515986", "branch_coverage": false, "show_contexts": false}, "files": {".devin\\hooks\\ahd_session.py": {"executed_lines": [11, 13, 14, 15, 16, 17, 18, 19, 20, 21, 22, 23, 26, 30, 50, 51, 58, 59, 60, 61, 62, 63, 66, 67, 68, 69, 72, 75, 88, 91, 101, 102, 103, 104, 105, 106, 107, 110, 112, 115, 121, 122, 126, 127, 130, 140, 141, 142, 144, 145, 146, 150, 151, 152, 153, 154, 155, 156, 157, 160, 161, 162, 167, 170, 173, 179, 180, 182, 183, 184, 185, 186, 187, 188, 191, 199, 200, 201, 202, 204, 205, 206, 209, 210, 211, 212, 213, 214, 215, 219, 222, 224, 225, 228, 230, 231, 234, 236, 237, 240, 242, 245, 247, 250, 260, 261, 264, 265, 267, 268, 269, 270, 271, 272, 275, 276, 277, 278, 281, 282, 283, 285, 286, 287, 288, 289, 290, 291, 292, 361, 363, 364, 365, 366, 368, 369, 371, 372, 375, 376, 379, 380, 381, 382, 384, 385, 386, 387, 388, 390, 391, 398, 404, 405, 406, 407, 408, 409, 410, 411, 412, 414, 417, 422, 423, 424, 425, 426, 427, 428, 429, 431, 434, 439, 440, 441, 442, 443, 444, 445, 446, 447, 448, 449, 450, 451, 452, 453, 454, 456, 459, 461, 462, 463, 464, 465, 466, 467, 469, 472, 474, 475, 478, 487, 488, 489, 491, 494, 497, 502, 503, 504, 507, 508, 509, 510, 512, 513, 514, 515, 517, 518, 519, 520, 522, 524, 525, 530, 531, 532, 541, 543, 546, 548, 549, 552, 554, 555, 558, 560, 561, 562, 563, 564, 565, 567, 570, 571, 577, 578, 579, 580, 583, 585, 586, 587, 588, 589, 590, 593, 594, 595, 596, 610, 612, 613, 616, 618, 619, 620, 623, 625, 626, 629, 634, 635, 636, 637, 638, 639, 651, 652], "summary": {"covered_lines": 282, "num_statements": 337, "percent_covered": 83.67952522255193, "percent_covered_display": "84", "missing_lines": 55, "excluded_lines": 0, "percent_statements_covered": 83.67952522255193, "percent_statements_covered_display": "84"}, "missing_lines": [52, 53, 163, 164, 165, 166, 168, 169, 216, 217, 293, 294, 295, 296, 299, 300, 301, 302, 303, 304, 305, 306, 310, 311, 313, 314, 315, 316, 317, 318, 319, 320, 321, 322, 325, 326, 327, 328, 329, 330, 331, 332, 373, 374, 378, 392, 393, 394, 395, 537, 538, 606, 607, 649, 650], "excluded_lines": [], "functions": {"get_config_root": {"executed_lines": [50, 51, 58, 59, 60, 61, 62, 63, 66, 67, 68, 69, 72], "summary": {"covered_lines": 13, "num_statements": 15, "percent_covered": 86.66666666666667, "percent_covered_display": "87", "missing_lines": 2, "excluded_lines": 0, "percent_statements_covered": 86.66666666666667, "percent_statements_covered_display": "87"}, "missing_lines": [52, 53], "excluded_lines": [], "start_line": 30}, "get_shared_state_root": {"executed_lines": [88], "summary": {"covered_lines": 1, "num_statements": 1, "percent_covered": 100.0, "percent_covered_display": "100", "missing_lines": 0, "excluded_lines": 0, "percent_statements_covered": 100.0, "percent_statements_covered_display": "100"}, "missing_lines": [], "excluded_lines": [], "start_line": 75}, "resolve_shared_state_file": {"executed_lines": [101, 102, 103, 104, 105, 106, 107], "summary": {"covered_lines": 7, "num_statements": 7, "percent_covered": 100.0, "percent_covered_display": "100", "missing_lines": 0, "excluded_lines": 0, "percent_statements_covered": 100.0, "percent_statements_covered_display": "100"}, "missing_lines": [], "excluded_lines": [], "start_line": 91}, "_lock_relpath": {"executed_lines": [112], "summary": {"covered_lines": 1, "num_statements": 1, "percent_covered": 100.0, "percent_covered_display": "100", "missing_lines": 0, "excluded_lines": 0, "percent_statements_covered": 100.0, "percent_statements_covered_display": "100"}, "missing_lines": [], "excluded_lines": [], "start_line": 110}, "_session_lock_relpath": {"executed_lines": [121, 122], "summary": {"covered_lines": 2, "num_statements": 2, "percent_covered": 100.0, "percent_covered_display": "100", "missing_lines": 0, "excluded_lines": 0, "percent_statements_covered": 100.0, "percent_statements_covered_display": "100"}, "missing_lines": [], "excluded_lines": [], "start_line": 115}, "get_repo_root": {"executed_lines": [140, 141, 142, 144, 145, 146, 150, 151, 152, 153, 154, 155, 156, 157, 160, 161, 162, 167, 170], "summary": {"covered_lines": 19, "num_statements": 25, "percent_covered": 76.0, "percent_covered_display": "76", "missing_lines": 6, "excluded_lines": 0, "percent_statements_covered": 76.0, "percent_statements_covered_display": "76"}, "missing_lines": [163, 164, 165, 166, 168, 169], "excluded_lines": [], "start_line": 130}, "slugify_session_id": {"executed_lines": [179, 180, 182, 183, 184, 185, 186, 187, 188], "summary": {"covered_lines": 9, "num_statements": 9, "percent_covered": 100.0, "percent_covered_display": "100", "missing_lines": 0, "excluded_lines": 0, "percent_statements_covered": 100.0, "percent_statements_covered_display": "100"}, "missing_lines": [], "excluded_lines": [], "start_line": 173}, "get_session_id": {"executed_lines": [199, 200, 201, 202, 204, 205, 206, 209, 210, 211, 212, 213, 214, 215, 219], "summary": {"covered_lines": 15, "num_statements": 17, "percent_covered": 88.23529411764706, "percent_covered_display": "88", "missing_lines": 2, "excluded_lines": 0, "percent_statements_covered": 88.23529411764706, "percent_statements_covered_display": "88"}, "missing_lines": [216, 217], "excluded_lines": [], "start_line": 191}, "get_session_state_path": {"executed_lines": [224, 225], "summary": {"covered_lines": 2, "num_statements": 2, "percent_covered": 100.0, "percent_covered_display": "100", "missing_lines": 0, "excluded_lines": 0, "percent_statements_covered": 100.0, "percent_statements_covered_display": "100"}, "missing_lines": [], "excluded_lines": [], "start_line": 222}, "get_context_flags_path": {"executed_lines": [230, 231], "summary": {"covered_lines": 2, "num_statements": 2, "percent_covered": 100.0, "percent_covered_display": "100", "missing_lines": 0, "excluded_lines": 0, "percent_statements_covered": 100.0, "percent_statements_covered_display": "100"}, "missing_lines": [], "excluded_lines": [], "start_line": 228}, "get_loop_state_path": {"executed_lines": [236, 237], "summary": {"covered_lines": 2, "num_statements": 2, "percent_covered": 100.0, "percent_covered_display": "100", "missing_lines": 0, "excluded_lines": 0, "percent_statements_covered": 100.0, "percent_statements_covered_display": "100"}, "missing_lines": [], "excluded_lines": [], "start_line": 234}, "_get_lock_path": {"executed_lines": [242], "summary": {"covered_lines": 1, "num_statements": 1, "percent_covered": 100.0, "percent_covered_display": "100", "missing_lines": 0, "excluded_lines": 0, "percent_statements_covered": 100.0, "percent_statements_covered_display": "100"}, "missing_lines": [], "excluded_lines": [], "start_line": 240}, "_get_session_lock_path": {"executed_lines": [247], "summary": {"covered_lines": 1, "num_statements": 1, "percent_covered": 100.0, "percent_covered_display": "100", "missing_lines": 0, "excluded_lines": 0, "percent_statements_covered": 100.0, "percent_statements_covered_display": "100"}, "missing_lines": [], "excluded_lines": [], "start_line": 245}, "_acquire_lock": {"executed_lines": [260, 261, 264, 265, 267, 268, 269, 270, 271, 272, 275, 276, 277, 278, 281, 282, 283, 285, 286, 287, 288, 289, 290, 291, 292], "summary": {"covered_lines": 25, "num_statements": 57, "percent_covered": 43.85964912280702, "percent_covered_display": "44", "missing_lines": 32, "excluded_lines": 0, "percent_statements_covered": 43.85964912280702, "percent_statements_covered_display": "44"}, "missing_lines": [293, 294, 295, 296, 299, 300, 301, 302, 303, 304, 305, 306, 310, 311, 313, 314, 315, 316, 317, 318, 319, 320, 321, 322, 325, 326, 327, 328, 329, 330, 331, 332], "excluded_lines": [], "start_line": 250}, "_release_lock": {"executed_lines": [363, 364, 365, 366, 368, 369, 371, 372, 375, 376, 379, 380, 381, 382, 384, 385, 386, 387, 388, 390, 391], "summary": {"covered_lines": 21, "num_statements": 28, "percent_covered": 75.0, "percent_covered_display": "75", "missing_lines": 7, "excluded_lines": 0, "percent_statements_covered": 75.0, "percent_statements_covered_display": "75"}, "missing_lines": [373, 374, 378, 392, 393, 394, 395], "excluded_lines": [], "start_line": 361}, "_locked_json_read": {"executed_lines": [404, 405, 406, 407, 408, 409, 410, 411, 412, 414], "summary": {"covered_lines": 10, "num_statements": 10, "percent_covered": 100.0, "percent_covered_display": "100", "missing_lines": 0, "excluded_lines": 0, "percent_statements_covered": 100.0, "percent_statements_covered_display": "100"}, "missing_lines": [], "excluded_lines": [], "start_line": 398}, "_locked_json_write": {"executed_lines": [422, 423, 424, 425, 426, 427, 428, 429, 431], "summary": {"covered_lines": 9, "num_statements": 9, "percent_covered": 100.0, "percent_covered_display": "100", "missing_lines": 0, "excluded_lines": 0, "percent_statements_covered": 100.0, "percent_statements_covered_display": "100"}, "missing_lines": [], "excluded_lines": [], "start_line": 417}, "_locked_json_update": {"executed_lines": [439, 440, 441, 442, 443, 444, 445, 446, 447, 448, 449, 450, 451, 452, 453, 454, 456], "summary": {"covered_lines": 17, "num_statements": 17, "percent_covered": 100.0, "percent_covered_display": "100", "missing_lines": 0, "excluded_lines": 0, "percent_statements_covered": 100.0, "percent_statements_covered_display": "100"}, "missing_lines": [], "excluded_lines": [], "start_line": 434}, "_locked_text_write": {"executed_lines": [461, 462, 463, 464, 465, 466, 467, 469], "summary": {"covered_lines": 8, "num_statements": 8, "percent_covered": 100.0, "percent_covered_display": "100", "missing_lines": 0, "excluded_lines": 0, "percent_statements_covered": 100.0, "percent_statements_covered_display": "100"}, "missing_lines": [], "excluded_lines": [], "start_line": 459}, "read_session_state": {"executed_lines": [474, 475], "summary": {"covered_lines": 2, "num_statements": 2, "percent_covered": 100.0, "percent_covered_display": "100", "missing_lines": 0, "excluded_lines": 0, "percent_statements_covered": 100.0, "percent_statements_covered_display": "100"}, "missing_lines": [], "excluded_lines": [], "start_line": 472}, "write_session_state": {"executed_lines": [487, 488, 489, 491, 494], "summary": {"covered_lines": 5, "num_statements": 5, "percent_covered": 100.0, "percent_covered_display": "100", "missing_lines": 0, "excluded_lines": 0, "percent_statements_covered": 100.0, "percent_statements_covered_display": "100"}, "missing_lines": [], "excluded_lines": [], "start_line": 478}, "_check_memory_cap": {"executed_lines": [502, 503, 504, 507, 508, 509, 510, 512, 513, 514, 515, 517, 518, 519, 520, 522, 524, 525, 530, 531, 532], "summary": {"covered_lines": 21, "num_statements": 23, "percent_covered": 91.30434782608695, "percent_covered_display": "91", "missing_lines": 2, "excluded_lines": 0, "percent_statements_covered": 91.30434782608695, "percent_statements_covered_display": "91"}, "missing_lines": [537, 538], "excluded_lines": [], "start_line": 497}, "update_session_state": {"executed_lines": [543], "summary": {"covered_lines": 1, "num_statements": 1, "percent_covered": 100.0, "percent_covered_display": "100", "missing_lines": 0, "excluded_lines": 0, "percent_statements_covered": 100.0, "percent_statements_covered_display": "100"}, "missing_lines": [], "excluded_lines": [], "start_line": 541}, "write_context_flags": {"executed_lines": [548, 549], "summary": {"covered_lines": 2, "num_statements": 2, "percent_covered": 100.0, "percent_covered_display": "100", "missing_lines": 0, "excluded_lines": 0, "percent_statements_covered": 100.0, "percent_statements_covered_display": "100"}, "missing_lines": [], "excluded_lines": [], "start_line": 546}, "read_context_flags": {"executed_lines": [554, 555], "summary": {"covered_lines": 2, "num_statements": 2, "percent_covered": 100.0, "percent_covered_display": "100", "missing_lines": 0, "excluded_lines": 0, "percent_statements_covered": 100.0, "percent_statements_covered_display": "100"}, "missing_lines": [], "excluded_lines": [], "start_line": 552}, "append_jsonl": {"executed_lines": [560, 561, 562, 563, 564, 565, 567], "summary": {"covered_lines": 7, "num_statements": 7, "percent_covered": 100.0, "percent_covered_display": "100", "missing_lines": 0, "excluded_lines": 0, "percent_statements_covered": 100.0, "percent_statements_covered_display": "100"}, "missing_lines": [], "excluded_lines": [], "start_line": 558}, "now_utc": {"executed_lines": [571], "summary": {"covered_lines": 1, "num_statements": 1, "percent_covered": 100.0, "percent_covered_display": "100", "missing_lines": 0, "excluded_lines": 0, "percent_statements_covered": 100.0, "percent_statements_covered_display": "100"}, "missing_lines": [], "excluded_lines": [], "start_line": 570}, "record_failure": {"executed_lines": [585, 586, 587, 588, 589, 590, 593, 594, 595, 596], "summary": {"covered_lines": 10, "num_statements": 12, "percent_covered": 83.33333333333333, "percent_covered_display": "83", "missing_lines": 2, "excluded_lines": 0, "percent_statements_covered": 83.33333333333333, "percent_statements_covered_display": "83"}, "missing_lines": [606, 607], "excluded_lines": [], "start_line": 583}, "is_circuit_open": {"executed_lines": [612, 613], "summary": {"covered_lines": 2, "num_statements": 2, "percent_covered": 100.0, "percent_covered_display": "100", "missing_lines": 0, "excluded_lines": 0, "percent_statements_covered": 100.0, "percent_statements_covered_display": "100"}, "missing_lines": [], "excluded_lines": [], "start_line": 610}, "reset_circuit": {"executed_lines": [618, 619, 620], "summary": {"covered_lines": 3, "num_statements": 3, "percent_covered": 100.0, "percent_covered_display": "100", "missing_lines": 0, "excluded_lines": 0, "percent_statements_covered": 100.0, "percent_statements_covered_display": "100"}, "missing_lines": [], "excluded_lines": [], "start_line": 616}, "get_failure_stats": {"executed_lines": [625, 626], "summary": {"covered_lines": 2, "num_statements": 2, "percent_covered": 100.0, "percent_covered_display": "100", "missing_lines": 0, "excluded_lines": 0, "percent_statements_covered": 100.0, "percent_statements_covered_display": "100"}, "missing_lines": [], "excluded_lines": [], "start_line": 623}, "auto_minimal_mode": {"executed_lines": [634, 635, 636, 637, 638, 639, 651, 652], "summary": {"covered_lines": 8, "num_statements": 10, "percent_covered": 80.0, "percent_covered_display": "80", "missing_lines": 2, "excluded_lines": 0, "percent_statements_covered": 80.0, "percent_statements_covered_display": "80"}, "missing_lines": [649, 650], "excluded_lines": [], "start_line": 629}, "": {"executed_lines": [11, 13, 14, 15, 16, 17, 18, 19, 20, 21, 22, 23, 26, 30, 75, 91, 110, 115, 126, 127, 130, 173, 191, 222, 228, 234, 240, 245, 250, 361, 398, 417, 434, 459, 472, 478, 497, 541, 546, 552, 558, 570, 577, 578, 579, 580, 583, 610, 616, 623, 629], "summary": {"covered_lines": 51, "num_statements": 51, "percent_covered": 100.0, "percent_covered_display": "100", "missing_lines": 0, "excluded_lines": 0, "percent_statements_covered": 100.0, "percent_statements_covered_display": "100"}, "missing_lines": [], "excluded_lines": [], "start_line": 1}}, "classes": {"LockAcquireError": {"executed_lines": [], "summary": {"covered_lines": 0, "num_statements": 0, "percent_covered": 100.0, "percent_covered_display": "100", "missing_lines": 0, "excluded_lines": 0, "percent_statements_covered": 100.0, "percent_statements_covered_display": "100"}, "missing_lines": [], "excluded_lines": [], "start_line": 26}, "": {"executed_lines": [11, 13, 14, 15, 16, 17, 18, 19, 20, 21, 22, 23, 26, 30, 50, 51, 58, 59, 60, 61, 62, 63, 66, 67, 68, 69, 72, 75, 88, 91, 101, 102, 103, 104, 105, 106, 107, 110, 112, 115, 121, 122, 126, 127, 130, 140, 141, 142, 144, 145, 146, 150, 151, 152, 153, 154, 155, 156, 157, 160, 161, 162, 167, 170, 173, 179, 180, 182, 183, 184, 185, 186, 187, 188, 191, 199, 200, 201, 202, 204, 205, 206, 209, 210, 211, 212, 213, 214, 215, 219, 222, 224, 225, 228, 230, 231, 234, 236, 237, 240, 242, 245, 247, 250, 260, 261, 264, 265, 267, 268, 269, 270, 271, 272, 275, 276, 277, 278, 281, 282, 283, 285, 286, 287, 288, 289, 290, 291, 292, 361, 363, 364, 365, 366, 368, 369, 371, 372, 375, 376, 379, 380, 381, 382, 384, 385, 386, 387, 388, 390, 391, 398, 404, 405, 406, 407, 408, 409, 410, 411, 412, 414, 417, 422, 423, 424, 425, 426, 427, 428, 429, 431, 434, 439, 440, 441, 442, 443, 444, 445, 446, 447, 448, 449, 450, 451, 452, 453, 454, 456, 459, 461, 462, 463, 464, 465, 466, 467, 469, 472, 474, 475, 478, 487, 488, 489, 491, 494, 497, 502, 503, 504, 507, 508, 509, 510, 512, 513, 514, 515, 517, 518, 519, 520, 522, 524, 525, 530, 531, 532, 541, 543, 546, 548, 549, 552, 554, 555, 558, 560, 561, 562, 563, 564, 565, 567, 570, 571, 577, 578, 579, 580, 583, 585, 586, 587, 588, 589, 590, 593, 594, 595, 596, 610, 612, 613, 616, 618, 619, 620, 623, 625, 626, 629, 634, 635, 636, 637, 638, 639, 651, 652], "summary": {"covered_lines": 282, "num_statements": 337, "percent_covered": 83.67952522255193, "percent_covered_display": "84", "missing_lines": 55, "excluded_lines": 0, "percent_statements_covered": 83.67952522255193, "percent_statements_covered_display": "84"}, "missing_lines": [52, 53, 163, 164, 165, 166, 168, 169, 216, 217, 293, 294, 295, 296, 299, 300, 301, 302, 303, 304, 305, 306, 310, 311, 313, 314, 315, 316, 317, 318, 319, 320, 321, 322, 325, 326, 327, 328, 329, 330, 331, 332, 373, 374, 378, 392, 393, 394, 395, 537, 538, 606, 607, 649, 650], "excluded_lines": [], "start_line": 1}}}, ".devin\\hooks\\coverage_enforce.py": {"executed_lines": [32, 34, 35, 36, 37, 38, 39, 40, 43, 44, 49, 50, 51, 57, 60, 63, 66, 69, 70, 71, 72, 73, 79, 80, 81, 84, 86, 91, 92, 93, 94, 95, 96, 97, 98, 99, 102, 112, 113, 114, 115, 116, 117, 120, 126, 127, 128, 129, 130, 132, 133, 134, 140, 143, 145, 146, 147, 148, 149, 150, 151, 152, 155, 161, 162, 163, 169, 173, 174, 175, 176, 177, 184, 189, 190, 192, 193, 199, 203, 206, 211, 212, 213, 214, 217, 223, 225, 226, 232, 237, 239, 240, 248, 259, 260, 261, 264, 265, 266, 274, 275, 276, 279, 284, 285, 287, 288, 290, 291, 292, 293, 294, 295, 296, 297, 298, 299, 301, 302, 304, 307, 309, 310, 311, 312, 313, 316, 318, 319, 320, 321, 322, 325, 326, 329, 331, 332, 333, 335, 336, 338, 339, 342, 343, 344, 345, 346, 351, 352, 353, 354, 356, 357, 360, 361, 362, 365, 366, 367, 368, 369, 370, 371, 372, 375, 378, 379, 382, 388, 391, 397, 400, 402, 404, 405, 406, 407, 408, 414, 415, 416, 417, 420], "summary": {"covered_lines": 183, "num_statements": 223, "percent_covered": 82.0627802690583, "percent_covered_display": "82", "missing_lines": 40, "excluded_lines": 0, "percent_statements_covered": 82.0627802690583, "percent_statements_covered_display": "82"}, "missing_lines": [45, 46, 52, 53, 54, 74, 75, 76, 77, 78, 170, 171, 178, 179, 180, 181, 194, 195, 196, 197, 198, 224, 227, 228, 229, 238, 241, 242, 243, 244, 245, 277, 347, 348, 392, 409, 410, 412, 418, 419], "excluded_lines": [], "functions": {"_get_plan_state_dir": {"executed_lines": [69, 70, 71, 72, 73, 79, 80, 81], "summary": {"covered_lines": 8, "num_statements": 13, "percent_covered": 61.53846153846154, "percent_covered_display": "62", "missing_lines": 5, "excluded_lines": 0, "percent_statements_covered": 61.53846153846154, "percent_statements_covered_display": "62"}, "missing_lines": [74, 75, 76, 77, 78], "excluded_lines": [], "start_line": 66}, "_find_plan_file": {"executed_lines": [86, 91, 92, 93, 94, 95, 96, 97, 98, 99], "summary": {"covered_lines": 10, "num_statements": 10, "percent_covered": 100.0, "percent_covered_display": "100", "missing_lines": 0, "excluded_lines": 0, "percent_statements_covered": 100.0, "percent_statements_covered_display": "100"}, "missing_lines": [], "excluded_lines": [], "start_line": 84}, "_parse_plan": {"executed_lines": [112, 113, 114, 115, 116, 117, 120, 126, 127, 128, 129, 130, 132, 133, 134, 140], "summary": {"covered_lines": 16, "num_statements": 16, "percent_covered": 100.0, "percent_covered_display": "100", "missing_lines": 0, "excluded_lines": 0, "percent_statements_covered": 100.0, "percent_statements_covered_display": "100"}, "missing_lines": [], "excluded_lines": [], "start_line": 102}, "_load_coverage_state": {"executed_lines": [145, 146, 147, 148, 149, 150, 151, 152], "summary": {"covered_lines": 8, "num_statements": 8, "percent_covered": 100.0, "percent_covered_display": "100", "missing_lines": 0, "excluded_lines": 0, "percent_statements_covered": 100.0, "percent_statements_covered_display": "100"}, "missing_lines": [], "excluded_lines": [], "start_line": 143}, "_save_coverage_state": {"executed_lines": [161, 162, 163, 169, 173, 174, 175, 176, 177], "summary": {"covered_lines": 9, "num_statements": 15, "percent_covered": 60.0, "percent_covered_display": "60", "missing_lines": 6, "excluded_lines": 0, "percent_statements_covered": 60.0, "percent_statements_covered_display": "60"}, "missing_lines": [170, 171, 178, 179, 180, 181], "excluded_lines": [], "start_line": 155}, "_grep_symbol_in_file": {"executed_lines": [189, 190, 192, 193, 199, 203], "summary": {"covered_lines": 6, "num_statements": 11, "percent_covered": 54.54545454545455, "percent_covered_display": "55", "missing_lines": 5, "excluded_lines": 0, "percent_statements_covered": 54.54545454545455, "percent_statements_covered_display": "55"}, "missing_lines": [194, 195, 196, 197, 198], "excluded_lines": [], "start_line": 184}, "_normalize_path": {"executed_lines": [211, 212, 213, 214], "summary": {"covered_lines": 4, "num_statements": 4, "percent_covered": 100.0, "percent_covered_display": "100", "missing_lines": 0, "excluded_lines": 0, "percent_statements_covered": 100.0, "percent_statements_covered_display": "100"}, "missing_lines": [], "excluded_lines": [], "start_line": 206}, "_is_path_in_safe_zone": {"executed_lines": [223, 225, 226], "summary": {"covered_lines": 3, "num_statements": 7, "percent_covered": 42.857142857142854, "percent_covered_display": "43", "missing_lines": 4, "excluded_lines": 0, "percent_statements_covered": 42.857142857142854, "percent_statements_covered_display": "43"}, "missing_lines": [224, 227, 228, 229], "excluded_lines": [], "start_line": 217}, "_is_path_blocked": {"executed_lines": [237, 239, 240], "summary": {"covered_lines": 3, "num_statements": 9, "percent_covered": 33.333333333333336, "percent_covered_display": "33", "missing_lines": 6, "excluded_lines": 0, "percent_statements_covered": 33.333333333333336, "percent_statements_covered_display": "33"}, "missing_lines": [238, 241, 242, 243, 244, 245], "excluded_lines": [], "start_line": 232}, "_update_coverage": {"executed_lines": [259, 260, 261, 264, 265, 266, 274, 275, 276, 279, 284, 285, 287, 288, 290, 291, 292, 293, 294, 295, 296, 297, 298, 299, 301, 302, 304], "summary": {"covered_lines": 27, "num_statements": 28, "percent_covered": 96.42857142857143, "percent_covered_display": "96", "missing_lines": 1, "excluded_lines": 0, "percent_statements_covered": 96.42857142857143, "percent_statements_covered_display": "96"}, "missing_lines": [277], "excluded_lines": [], "start_line": 248}, "_compute_gaps": {"executed_lines": [309, 310, 311, 312, 313], "summary": {"covered_lines": 5, "num_statements": 5, "percent_covered": 100.0, "percent_covered_display": "100", "missing_lines": 0, "excluded_lines": 0, "percent_statements_covered": 100.0, "percent_statements_covered_display": "100"}, "missing_lines": [], "excluded_lines": [], "start_line": 307}, "_compute_coverage": {"executed_lines": [318, 319, 320, 321, 322, 325, 326], "summary": {"covered_lines": 7, "num_statements": 7, "percent_covered": 100.0, "percent_covered_display": "100", "missing_lines": 0, "excluded_lines": 0, "percent_statements_covered": 100.0, "percent_statements_covered_display": "100"}, "missing_lines": [], "excluded_lines": [], "start_line": 316}, "main": {"executed_lines": [331, 332, 333, 335, 336, 338, 339, 342, 343, 344, 345, 346, 351, 352, 353, 354, 356, 357, 360, 361, 362, 365, 366, 367, 368, 369, 370, 371, 372, 375, 378, 379, 382, 388, 391, 397], "summary": {"covered_lines": 36, "num_statements": 39, "percent_covered": 92.3076923076923, "percent_covered_display": "92", "missing_lines": 3, "excluded_lines": 0, "percent_statements_covered": 92.3076923076923, "percent_statements_covered_display": "92"}, "missing_lines": [347, 348, 392], "excluded_lines": [], "start_line": 329}, "_run": {"executed_lines": [405, 406, 407, 408], "summary": {"covered_lines": 4, "num_statements": 7, "percent_covered": 57.142857142857146, "percent_covered_display": "57", "missing_lines": 3, "excluded_lines": 0, "percent_statements_covered": 57.142857142857146, "percent_statements_covered_display": "57"}, "missing_lines": [409, 410, 412], "excluded_lines": [], "start_line": 404}, "": {"executed_lines": [32, 34, 35, 36, 37, 38, 39, 40, 43, 44, 49, 50, 51, 57, 60, 63, 66, 84, 102, 143, 155, 184, 206, 217, 232, 248, 307, 316, 329, 400, 402, 404, 414, 415, 416, 417, 420], "summary": {"covered_lines": 37, "num_statements": 44, "percent_covered": 84.0909090909091, "percent_covered_display": "84", "missing_lines": 7, "excluded_lines": 0, "percent_statements_covered": 84.0909090909091, "percent_statements_covered_display": "84"}, "missing_lines": [45, 46, 52, 53, 54, 418, 419], "excluded_lines": [], "start_line": 1}}, "classes": {"": {"executed_lines": [32, 34, 35, 36, 37, 38, 39, 40, 43, 44, 49, 50, 51, 57, 60, 63, 66, 69, 70, 71, 72, 73, 79, 80, 81, 84, 86, 91, 92, 93, 94, 95, 96, 97, 98, 99, 102, 112, 113, 114, 115, 116, 117, 120, 126, 127, 128, 129, 130, 132, 133, 134, 140, 143, 145, 146, 147, 148, 149, 150, 151, 152, 155, 161, 162, 163, 169, 173, 174, 175, 176, 177, 184, 189, 190, 192, 193, 199, 203, 206, 211, 212, 213, 214, 217, 223, 225, 226, 232, 237, 239, 240, 248, 259, 260, 261, 264, 265, 266, 274, 275, 276, 279, 284, 285, 287, 288, 290, 291, 292, 293, 294, 295, 296, 297, 298, 299, 301, 302, 304, 307, 309, 310, 311, 312, 313, 316, 318, 319, 320, 321, 322, 325, 326, 329, 331, 332, 333, 335, 336, 338, 339, 342, 343, 344, 345, 346, 351, 352, 353, 354, 356, 357, 360, 361, 362, 365, 366, 367, 368, 369, 370, 371, 372, 375, 378, 379, 382, 388, 391, 397, 400, 402, 404, 405, 406, 407, 408, 414, 415, 416, 417, 420], "summary": {"covered_lines": 183, "num_statements": 223, "percent_covered": 82.0627802690583, "percent_covered_display": "82", "missing_lines": 40, "excluded_lines": 0, "percent_statements_covered": 82.0627802690583, "percent_statements_covered_display": "82"}, "missing_lines": [45, 46, 52, 53, 54, 74, 75, 76, 77, 78, 170, 171, 178, 179, 180, 181, 194, 195, 196, 197, 198, 224, 227, 228, 229, 238, 241, 242, 243, 244, 245, 277, 347, 348, 392, 409, 410, 412, 418, 419], "excluded_lines": [], "start_line": 1}}}, ".devin\\hooks\\otel_instrument.py": {"executed_lines": [29, 31, 32, 33, 34, 35, 36, 37, 40, 43, 44, 47, 50, 67, 69, 70, 71, 76, 86, 91, 92, 93, 95, 96, 98, 99, 100, 102, 103, 104, 108, 109, 110, 112, 114, 118, 120, 123, 125, 126, 127, 128, 134, 135, 143, 145, 146, 147, 148, 149, 154, 156, 159, 197, 199, 200, 201, 202, 203, 204, 205, 207, 224, 226, 228, 229, 230, 232, 241, 242, 243, 244, 245, 253, 254, 257, 258, 259, 260, 261, 265, 266, 268, 269, 270, 282, 283, 284, 290, 293], "summary": {"covered_lines": 90, "num_statements": 183, "percent_covered": 49.18032786885246, "percent_covered_display": "49", "missing_lines": 93, "excluded_lines": 0, "percent_statements_covered": 49.18032786885246, "percent_statements_covered_display": "49"}, "missing_lines": [52, 53, 54, 55, 56, 57, 58, 59, 60, 61, 62, 63, 64, 72, 73, 75, 77, 78, 81, 82, 83, 105, 106, 107, 111, 113, 115, 129, 130, 131, 132, 133, 138, 139, 140, 151, 164, 166, 167, 169, 170, 171, 173, 174, 175, 176, 177, 178, 180, 181, 182, 184, 185, 186, 188, 191, 192, 194, 235, 236, 238, 246, 247, 249, 250, 251, 272, 273, 274, 277, 278, 279, 285, 286, 287, 288, 289, 295, 297, 298, 299, 300, 301, 302, 304, 305, 307, 308, 309, 310, 311, 312, 313], "excluded_lines": [], "functions": {"_get_telemetry_dir": {"executed_lines": [], "summary": {"covered_lines": 0, "num_statements": 13, "percent_covered": 0.0, "percent_covered_display": "0", "missing_lines": 13, "excluded_lines": 0, "percent_statements_covered": 0.0, "percent_statements_covered_display": "0"}, "missing_lines": [52, 53, 54, 55, 56, 57, 58, 59, 60, 61, 62, 63, 64], "excluded_lines": [], "start_line": 50}, "_hash_input": {"executed_lines": [69, 70, 71, 76], "summary": {"covered_lines": 4, "num_statements": 12, "percent_covered": 33.333333333333336, "percent_covered_display": "33", "missing_lines": 8, "excluded_lines": 0, "percent_statements_covered": 33.333333333333336, "percent_statements_covered_display": "33"}, "missing_lines": [72, 73, 75, 77, 78, 81, 82, 83], "excluded_lines": [], "start_line": 67}, "_determine_status": {"executed_lines": [91, 92, 93, 95, 96, 98, 99, 100, 102, 103, 104, 108, 109, 110, 112, 114], "summary": {"covered_lines": 16, "num_statements": 22, "percent_covered": 72.72727272727273, "percent_covered_display": "73", "missing_lines": 6, "excluded_lines": 0, "percent_statements_covered": 72.72727272727273, "percent_statements_covered_display": "73"}, "missing_lines": [105, 106, 107, 111, 113, 115], "excluded_lines": [], "start_line": 86}, "_now_iso": {"executed_lines": [120], "summary": {"covered_lines": 1, "num_statements": 1, "percent_covered": 100.0, "percent_covered_display": "100", "missing_lines": 0, "excluded_lines": 0, "percent_statements_covered": 100.0, "percent_statements_covered_display": "100"}, "missing_lines": [], "excluded_lines": [], "start_line": 118}, "_rotate_log": {"executed_lines": [125, 126, 127, 128, 134, 135], "summary": {"covered_lines": 6, "num_statements": 14, "percent_covered": 42.857142857142854, "percent_covered_display": "43", "missing_lines": 8, "excluded_lines": 0, "percent_statements_covered": 42.857142857142854, "percent_statements_covered_display": "43"}, "missing_lines": [129, 130, 131, 132, 133, 138, 139, 140], "excluded_lines": [], "start_line": 123}, "_write_fallback_log": {"executed_lines": [145, 146, 147, 148, 149, 154, 156], "summary": {"covered_lines": 7, "num_statements": 8, "percent_covered": 87.5, "percent_covered_display": "88", "missing_lines": 1, "excluded_lines": 0, "percent_statements_covered": 87.5, "percent_statements_covered_display": "88"}, "missing_lines": [151], "excluded_lines": [], "start_line": 143}, "_emit_otel_span": {"executed_lines": [], "summary": {"covered_lines": 0, "num_statements": 22, "percent_covered": 0.0, "percent_covered_display": "0", "missing_lines": 22, "excluded_lines": 0, "percent_statements_covered": 0.0, "percent_statements_covered_display": "0"}, "missing_lines": [164, 166, 167, 169, 170, 171, 173, 174, 175, 176, 177, 178, 180, 181, 182, 184, 185, 186, 188, 191, 192, 194], "excluded_lines": [], "start_line": 159}, "_build_event": {"executed_lines": [199, 200, 201, 202, 203, 204, 205, 207], "summary": {"covered_lines": 8, "num_statements": 8, "percent_covered": 100.0, "percent_covered_display": "100", "missing_lines": 0, "excluded_lines": 0, "percent_statements_covered": 100.0, "percent_statements_covered_display": "100"}, "missing_lines": [], "excluded_lines": [], "start_line": 197}, "main": {"executed_lines": [226, 228, 229, 230, 232, 241, 242, 243, 244, 245, 253, 254, 257, 258, 259, 260, 261, 265, 266, 268, 269, 270, 282, 283, 284, 290], "summary": {"covered_lines": 26, "num_statements": 45, "percent_covered": 57.77777777777778, "percent_covered_display": "58", "missing_lines": 19, "excluded_lines": 0, "percent_statements_covered": 57.77777777777778, "percent_statements_covered_display": "58"}, "missing_lines": [235, 236, 238, 246, 247, 249, 250, 251, 272, 273, 274, 277, 278, 279, 285, 286, 287, 288, 289], "excluded_lines": [], "start_line": 224}, "_run": {"executed_lines": [], "summary": {"covered_lines": 0, "num_statements": 7, "percent_covered": 0.0, "percent_covered_display": "0", "missing_lines": 7, "excluded_lines": 0, "percent_statements_covered": 0.0, "percent_statements_covered_display": "0"}, "missing_lines": [298, 299, 300, 301, 302, 304, 305], "excluded_lines": [], "start_line": 297}, "": {"executed_lines": [29, 31, 32, 33, 34, 35, 36, 37, 40, 43, 44, 47, 50, 67, 86, 118, 123, 143, 159, 197, 224, 293], "summary": {"covered_lines": 22, "num_statements": 31, "percent_covered": 70.96774193548387, "percent_covered_display": "71", "missing_lines": 9, "excluded_lines": 0, "percent_statements_covered": 70.96774193548387, "percent_statements_covered_display": "71"}, "missing_lines": [295, 297, 307, 308, 309, 310, 311, 312, 313], "excluded_lines": [], "start_line": 1}}, "classes": {"": {"executed_lines": [29, 31, 32, 33, 34, 35, 36, 37, 40, 43, 44, 47, 50, 67, 69, 70, 71, 76, 86, 91, 92, 93, 95, 96, 98, 99, 100, 102, 103, 104, 108, 109, 110, 112, 114, 118, 120, 123, 125, 126, 127, 128, 134, 135, 143, 145, 146, 147, 148, 149, 154, 156, 159, 197, 199, 200, 201, 202, 203, 204, 205, 207, 224, 226, 228, 229, 230, 232, 241, 242, 243, 244, 245, 253, 254, 257, 258, 259, 260, 261, 265, 266, 268, 269, 270, 282, 283, 284, 290, 293], "summary": {"covered_lines": 90, "num_statements": 183, "percent_covered": 49.18032786885246, "percent_covered_display": "49", "missing_lines": 93, "excluded_lines": 0, "percent_statements_covered": 49.18032786885246, "percent_statements_covered_display": "49"}, "missing_lines": [52, 53, 54, 55, 56, 57, 58, 59, 60, 61, 62, 63, 64, 72, 73, 75, 77, 78, 81, 82, 83, 105, 106, 107, 111, 113, 115, 129, 130, 131, 132, 133, 138, 139, 140, 151, 164, 166, 167, 169, 170, 171, 173, 174, 175, 176, 177, 178, 180, 181, 182, 184, 185, 186, 188, 191, 192, 194, 235, 236, 238, 246, 247, 249, 250, 251, 272, 273, 274, 277, 278, 279, 285, 286, 287, 288, 289, 295, 297, 298, 299, 300, 301, 302, 304, 305, 307, 308, 309, 310, 311, 312, 313], "excluded_lines": [], "start_line": 1}}}, ".devin\\hooks\\plan_enforce.py": {"executed_lines": [21, 22, 23, 24, 25, 26, 27, 28, 31, 32, 35, 44, 56, 57, 58, 59, 61, 62, 65, 68, 69, 72, 73, 74, 76, 79, 81, 82, 83, 84, 85, 86, 89, 96, 98, 99, 102, 108, 109, 110, 111, 112, 113, 114, 115, 116, 119, 122, 137, 138, 139, 140, 141, 142, 143, 144, 145, 148, 149, 150, 152, 155, 156, 161, 168, 169, 170, 171, 173, 174, 175, 178, 179, 180, 181, 182, 183, 184, 185, 188, 193, 194, 195, 198, 201, 202, 204, 208, 209, 210, 211, 212, 214, 215, 217, 220, 222, 223, 224, 225, 226, 229, 230, 233, 235, 237, 238, 239, 242, 243, 246, 248, 249, 251, 252, 253, 254, 255, 259, 261, 262, 263, 265, 266, 268, 269, 270, 274, 275, 276, 277, 279, 282, 291, 292, 293, 294, 297, 298, 299, 302, 303, 305, 306, 307, 310, 311, 312, 313, 316, 322, 323, 326, 327], "summary": {"covered_lines": 154, "num_statements": 180, "percent_covered": 85.55555555555556, "percent_covered_display": "86", "missing_lines": 26, "excluded_lines": 0, "percent_statements_covered": 85.55555555555556, "percent_statements_covered_display": "86"}, "missing_lines": [37, 38, 39, 40, 41, 60, 63, 64, 66, 70, 75, 97, 117, 118, 157, 158, 203, 227, 228, 236, 240, 241, 256, 283, 288, 289], "excluded_lines": [], "functions": {"_repo_root": {"executed_lines": [], "summary": {"covered_lines": 0, "num_statements": 5, "percent_covered": 0.0, "percent_covered_display": "0", "missing_lines": 5, "excluded_lines": 0, "percent_statements_covered": 0.0, "percent_statements_covered_display": "0"}, "missing_lines": [37, 38, 39, 40, 41], "excluded_lines": [], "start_line": 35}, "_get_session_state": {"executed_lines": [56, 57, 58, 59, 61, 62, 65, 68, 69, 72, 73, 74, 76], "summary": {"covered_lines": 13, "num_statements": 19, "percent_covered": 68.42105263157895, "percent_covered_display": "68", "missing_lines": 6, "excluded_lines": 0, "percent_statements_covered": 68.42105263157895, "percent_statements_covered_display": "68"}, "missing_lines": [60, 63, 64, 66, 70, 75], "excluded_lines": [], "start_line": 44}, "_slugify": {"executed_lines": [81, 82, 83, 84, 85, 86], "summary": {"covered_lines": 6, "num_statements": 6, "percent_covered": 100.0, "percent_covered_display": "100", "missing_lines": 0, "excluded_lines": 0, "percent_statements_covered": 100.0, "percent_statements_covered_display": "100"}, "missing_lines": [], "excluded_lines": [], "start_line": 79}, "_fingerprint": {"executed_lines": [96, 98, 99], "summary": {"covered_lines": 3, "num_statements": 4, "percent_covered": 75.0, "percent_covered_display": "75", "missing_lines": 1, "excluded_lines": 0, "percent_statements_covered": 75.0, "percent_statements_covered_display": "75"}, "missing_lines": [97], "excluded_lines": [], "start_line": 89}, "_plan_state_name_from_path": {"executed_lines": [108, 109, 110, 111, 112, 113, 114, 115, 116, 119], "summary": {"covered_lines": 10, "num_statements": 12, "percent_covered": 83.33333333333333, "percent_covered_display": "83", "missing_lines": 2, "excluded_lines": 0, "percent_statements_covered": 83.33333333333333, "percent_statements_covered_display": "83"}, "missing_lines": [117, 118], "excluded_lines": [], "start_line": 102}, "_get_plan_state_for_task": {"executed_lines": [137, 138, 139, 140, 141, 142, 143, 144, 145, 148, 149, 150, 152, 155, 156, 161, 168, 169, 170, 171, 173, 174, 175, 178, 179, 180, 181, 182, 183, 184, 185], "summary": {"covered_lines": 31, "num_statements": 33, "percent_covered": 93.93939393939394, "percent_covered_display": "94", "missing_lines": 2, "excluded_lines": 0, "percent_statements_covered": 93.93939393939394, "percent_statements_covered_display": "94"}, "missing_lines": [157, 158], "excluded_lines": [], "start_line": 122}, "_classify_tier": {"executed_lines": [193, 194, 195, 198, 201, 202, 204, 208, 209, 210, 211, 212, 214, 215, 217], "summary": {"covered_lines": 15, "num_statements": 16, "percent_covered": 93.75, "percent_covered_display": "94", "missing_lines": 1, "excluded_lines": 0, "percent_statements_covered": 93.75, "percent_statements_covered_display": "94"}, "missing_lines": [203], "excluded_lines": [], "start_line": 188}, "_is_plan_file": {"executed_lines": [222, 223, 224, 225, 226, 229, 230], "summary": {"covered_lines": 7, "num_statements": 9, "percent_covered": 77.77777777777777, "percent_covered_display": "78", "missing_lines": 2, "excluded_lines": 0, "percent_statements_covered": 77.77777777777777, "percent_statements_covered_display": "78"}, "missing_lines": [227, 228], "excluded_lines": [], "start_line": 220}, "_is_template_file": {"executed_lines": [235, 237, 238, 239, 242, 243], "summary": {"covered_lines": 6, "num_statements": 9, "percent_covered": 66.66666666666667, "percent_covered_display": "67", "missing_lines": 3, "excluded_lines": 0, "percent_statements_covered": 66.66666666666667, "percent_statements_covered_display": "67"}, "missing_lines": [236, 240, 241], "excluded_lines": [], "start_line": 233}, "_extract_file_path": {"executed_lines": [248, 249, 251, 252, 253, 254, 255], "summary": {"covered_lines": 7, "num_statements": 8, "percent_covered": 87.5, "percent_covered_display": "88", "missing_lines": 1, "excluded_lines": 0, "percent_statements_covered": 87.5, "percent_statements_covered_display": "88"}, "missing_lines": [256], "excluded_lines": [], "start_line": 246}, "main": {"executed_lines": [261, 262, 263, 265, 266, 268, 269, 270, 274, 275, 276, 277, 279, 282, 291, 292, 293, 294, 297, 298, 299, 302, 303, 305, 306, 307, 310, 311, 312, 313, 316, 322, 323], "summary": {"covered_lines": 33, "num_statements": 36, "percent_covered": 91.66666666666667, "percent_covered_display": "92", "missing_lines": 3, "excluded_lines": 0, "percent_statements_covered": 91.66666666666667, "percent_statements_covered_display": "92"}, "missing_lines": [283, 288, 289], "excluded_lines": [], "start_line": 259}, "": {"executed_lines": [21, 22, 23, 24, 25, 26, 27, 28, 31, 32, 35, 44, 79, 89, 102, 122, 188, 220, 233, 246, 259, 326, 327], "summary": {"covered_lines": 23, "num_statements": 23, "percent_covered": 100.0, "percent_covered_display": "100", "missing_lines": 0, "excluded_lines": 0, "percent_statements_covered": 100.0, "percent_statements_covered_display": "100"}, "missing_lines": [], "excluded_lines": [], "start_line": 1}}, "classes": {"": {"executed_lines": [21, 22, 23, 24, 25, 26, 27, 28, 31, 32, 35, 44, 56, 57, 58, 59, 61, 62, 65, 68, 69, 72, 73, 74, 76, 79, 81, 82, 83, 84, 85, 86, 89, 96, 98, 99, 102, 108, 109, 110, 111, 112, 113, 114, 115, 116, 119, 122, 137, 138, 139, 140, 141, 142, 143, 144, 145, 148, 149, 150, 152, 155, 156, 161, 168, 169, 170, 171, 173, 174, 175, 178, 179, 180, 181, 182, 183, 184, 185, 188, 193, 194, 195, 198, 201, 202, 204, 208, 209, 210, 211, 212, 214, 215, 217, 220, 222, 223, 224, 225, 226, 229, 230, 233, 235, 237, 238, 239, 242, 243, 246, 248, 249, 251, 252, 253, 254, 255, 259, 261, 262, 263, 265, 266, 268, 269, 270, 274, 275, 276, 277, 279, 282, 291, 292, 293, 294, 297, 298, 299, 302, 303, 305, 306, 307, 310, 311, 312, 313, 316, 322, 323, 326, 327], "summary": {"covered_lines": 154, "num_statements": 180, "percent_covered": 85.55555555555556, "percent_covered_display": "86", "missing_lines": 26, "excluded_lines": 0, "percent_statements_covered": 85.55555555555556, "percent_statements_covered_display": "86"}, "missing_lines": [37, 38, 39, 40, 41, 60, 63, 64, 66, 70, 75, 97, 117, 118, 157, 158, 203, 227, 228, 236, 240, 241, 256, 283, 288, 289], "excluded_lines": [], "start_line": 1}}}, ".devin\\hooks\\post_tool_use.py": {"executed_lines": [18, 20, 21, 22, 23, 24, 25, 26, 30, 33, 34, 37, 38, 40, 42, 43, 48, 55, 56, 59, 66, 68, 70, 71, 72, 75, 84, 92, 112, 156, 165, 199, 201, 203, 207, 208, 209, 210, 211, 215, 216, 217, 243, 245, 246, 247, 248, 249, 250, 251, 252, 254, 255, 256, 257, 258, 261, 262, 267, 270, 272, 273, 274, 275, 276, 283, 284, 289, 309, 326, 587, 658, 697, 731, 779, 817, 868], "summary": {"covered_lines": 77, "num_statements": 487, "percent_covered": 15.811088295687885, "percent_covered_display": "16", "missing_lines": 410, "excluded_lines": 0, "percent_statements_covered": 15.811088295687885, "percent_statements_covered_display": "16"}, "missing_lines": [69, 77, 78, 79, 80, 81, 86, 87, 88, 89, 94, 95, 96, 97, 99, 100, 101, 102, 103, 104, 105, 106, 107, 108, 109, 118, 119, 121, 122, 123, 125, 126, 127, 129, 130, 131, 132, 135, 141, 147, 151, 152, 153, 158, 159, 160, 161, 162, 167, 168, 169, 170, 171, 172, 173, 174, 175, 176, 177, 178, 179, 180, 181, 182, 183, 184, 185, 186, 187, 188, 189, 190, 191, 192, 193, 194, 195, 196, 204, 212, 213, 223, 224, 230, 231, 237, 238, 239, 240, 253, 259, 260, 263, 264, 265, 266, 285, 286, 291, 292, 293, 294, 295, 296, 297, 298, 299, 300, 301, 304, 305, 306, 311, 312, 313, 314, 315, 316, 317, 318, 321, 322, 323, 327, 328, 329, 330, 332, 333, 334, 336, 337, 338, 340, 341, 343, 344, 345, 350, 351, 355, 356, 357, 358, 359, 360, 361, 362, 363, 365, 366, 367, 368, 369, 370, 371, 374, 375, 376, 377, 378, 381, 382, 386, 392, 393, 394, 396, 397, 399, 400, 401, 402, 403, 404, 405, 406, 407, 408, 409, 410, 411, 412, 414, 415, 416, 418, 419, 420, 422, 423, 424, 425, 426, 427, 428, 429, 432, 433, 434, 437, 438, 439, 440, 441, 442, 443, 444, 448, 449, 450, 451, 452, 455, 456, 457, 460, 461, 462, 463, 469, 470, 471, 472, 473, 474, 475, 476, 477, 478, 479, 482, 483, 484, 485, 486, 487, 493, 501, 503, 504, 505, 508, 509, 512, 513, 514, 517, 518, 519, 521, 522, 526, 527, 529, 530, 531, 533, 534, 542, 543, 544, 546, 547, 548, 549, 552, 553, 554, 555, 556, 557, 558, 559, 560, 561, 562, 563, 564, 565, 566, 567, 568, 569, 570, 571, 572, 573, 574, 575, 576, 577, 578, 579, 580, 581, 583, 589, 590, 591, 593, 594, 595, 597, 598, 601, 602, 608, 609, 610, 613, 614, 620, 621, 622, 625, 626, 627, 643, 644, 649, 650, 660, 661, 662, 663, 664, 665, 667, 670, 671, 672, 673, 674, 676, 677, 678, 689, 699, 700, 703, 713, 714, 715, 717, 718, 733, 736, 737, 738, 739, 747, 748, 749, 750, 751, 752, 753, 754, 759, 760, 763, 764, 765, 768, 769, 770, 771, 781, 782, 783, 785, 786, 787, 789, 790, 791, 800, 801, 806, 807, 811, 812, 813, 819, 822, 823, 825, 826, 829, 830, 831, 832, 833, 836, 840, 841, 842, 844, 845, 847, 848, 860, 861, 870, 871, 872, 873, 874, 875], "excluded_lines": [], "functions": {"_redact": {"executed_lines": [68, 70, 71, 72], "summary": {"covered_lines": 4, "num_statements": 5, "percent_covered": 80.0, "percent_covered_display": "80", "missing_lines": 1, "excluded_lines": 0, "percent_statements_covered": 80.0, "percent_statements_covered_display": "80"}, "missing_lines": [69], "excluded_lines": [], "start_line": 66}, "_response_size": {"executed_lines": [], "summary": {"covered_lines": 0, "num_statements": 5, "percent_covered": 0.0, "percent_covered_display": "0", "missing_lines": 5, "excluded_lines": 0, "percent_statements_covered": 0.0, "percent_statements_covered_display": "0"}, "missing_lines": [77, 78, 79, 80, 81], "excluded_lines": [], "start_line": 75}, "_extract_file_path": {"executed_lines": [], "summary": {"covered_lines": 0, "num_statements": 4, "percent_covered": 0.0, "percent_covered_display": "0", "missing_lines": 4, "excluded_lines": 0, "percent_statements_covered": 0.0, "percent_statements_covered_display": "0"}, "missing_lines": [86, 87, 88, 89], "excluded_lines": [], "start_line": 84}, "_compute_sha256": {"executed_lines": [], "summary": {"covered_lines": 0, "num_statements": 15, "percent_covered": 0.0, "percent_covered_display": "0", "missing_lines": 15, "excluded_lines": 0, "percent_statements_covered": 0.0, "percent_statements_covered_display": "0"}, "missing_lines": [94, 95, 96, 97, 99, 100, 101, 102, 103, 104, 105, 106, 107, 108, 109], "excluded_lines": [], "start_line": 92}, "_track_file_sha": {"executed_lines": [], "summary": {"covered_lines": 0, "num_statements": 18, "percent_covered": 0.0, "percent_covered_display": "0", "missing_lines": 18, "excluded_lines": 0, "percent_statements_covered": 0.0, "percent_statements_covered_display": "0"}, "missing_lines": [118, 119, 121, 122, 123, 125, 126, 127, 129, 130, 131, 132, 135, 141, 147, 151, 152, 153], "excluded_lines": [], "start_line": 112}, "_extract_command": {"executed_lines": [], "summary": {"covered_lines": 0, "num_statements": 5, "percent_covered": 0.0, "percent_covered_display": "0", "missing_lines": 5, "excluded_lines": 0, "percent_statements_covered": 0.0, "percent_statements_covered_display": "0"}, "missing_lines": [158, 159, 160, 161, 162], "excluded_lines": [], "start_line": 156}, "_repeated_failure_count": {"executed_lines": [], "summary": {"covered_lines": 0, "num_statements": 30, "percent_covered": 0.0, "percent_covered_display": "0", "missing_lines": 30, "excluded_lines": 0, "percent_statements_covered": 0.0, "percent_statements_covered_display": "0"}, "missing_lines": [167, 168, 169, 170, 171, 172, 173, 174, 175, 176, 177, 178, 179, 180, 181, 182, 183, 184, 185, 186, 187, 188, 189, 190, 191, 192, 193, 194, 195, 196], "excluded_lines": [], "start_line": 165}, "_extract_candidate_memory": {"executed_lines": [201, 203, 207, 208, 209, 210, 211, 215, 216, 217], "summary": {"covered_lines": 10, "num_statements": 21, "percent_covered": 47.61904761904762, "percent_covered_display": "48", "missing_lines": 11, "excluded_lines": 0, "percent_statements_covered": 47.61904761904762, "percent_statements_covered_display": "48"}, "missing_lines": [204, 212, 213, 223, 224, 230, 231, 237, 238, 239, 240], "excluded_lines": [], "start_line": 199}, "_memory_rate_limited": {"executed_lines": [245, 246, 247, 248, 249, 250, 251, 252, 254, 255, 256, 257, 258, 261, 262, 267], "summary": {"covered_lines": 16, "num_statements": 23, "percent_covered": 69.56521739130434, "percent_covered_display": "70", "missing_lines": 7, "excluded_lines": 0, "percent_statements_covered": 69.56521739130434, "percent_statements_covered_display": "70"}, "missing_lines": [253, 259, 260, 263, 264, 265, 266], "excluded_lines": [], "start_line": 243}, "_audit_candidate": {"executed_lines": [272, 273, 274, 275, 276, 283, 284], "summary": {"covered_lines": 7, "num_statements": 9, "percent_covered": 77.77777777777777, "percent_covered_display": "78", "missing_lines": 2, "excluded_lines": 0, "percent_statements_covered": 77.77777777777777, "percent_statements_covered_display": "78"}, "missing_lines": [285, 286], "excluded_lines": [], "start_line": 270}, "_append_bounded_jsonl": {"executed_lines": [], "summary": {"covered_lines": 0, "num_statements": 14, "percent_covered": 0.0, "percent_covered_display": "0", "missing_lines": 14, "excluded_lines": 0, "percent_statements_covered": 0.0, "percent_statements_covered_display": "0"}, "missing_lines": [291, 292, 293, 294, 295, 296, 297, 298, 299, 300, 301, 304, 305, 306], "excluded_lines": [], "start_line": 289}, "_rotate": {"executed_lines": [], "summary": {"covered_lines": 0, "num_statements": 11, "percent_covered": 0.0, "percent_covered_display": "0", "missing_lines": 11, "excluded_lines": 0, "percent_statements_covered": 0.0, "percent_statements_covered_display": "0"}, "missing_lines": [311, 312, 313, 314, 315, 316, 317, 318, 321, 322, 323], "excluded_lines": [], "start_line": 309}, "main": {"executed_lines": [], "summary": {"covered_lines": 0, "num_statements": 174, "percent_covered": 0.0, "percent_covered_display": "0", "missing_lines": 174, "excluded_lines": 0, "percent_statements_covered": 0.0, "percent_statements_covered_display": "0"}, "missing_lines": [327, 328, 329, 330, 332, 333, 334, 336, 337, 338, 340, 341, 343, 344, 345, 350, 351, 355, 356, 357, 358, 359, 360, 361, 362, 363, 365, 366, 367, 368, 369, 370, 371, 374, 375, 376, 377, 378, 381, 382, 386, 392, 393, 394, 396, 397, 399, 400, 401, 402, 403, 404, 405, 406, 407, 408, 409, 410, 411, 412, 414, 415, 416, 418, 419, 420, 422, 423, 424, 425, 426, 427, 428, 429, 432, 433, 434, 437, 438, 439, 440, 441, 442, 443, 444, 448, 449, 450, 451, 452, 455, 456, 457, 460, 461, 462, 463, 469, 470, 471, 472, 473, 474, 475, 476, 477, 478, 479, 482, 483, 484, 485, 486, 487, 493, 501, 503, 504, 505, 508, 509, 512, 513, 514, 517, 518, 519, 521, 522, 526, 527, 529, 530, 531, 533, 534, 542, 543, 544, 546, 547, 548, 549, 552, 553, 554, 555, 556, 557, 558, 559, 560, 561, 562, 563, 564, 565, 566, 567, 568, 569, 570, 571, 572, 573, 574, 575, 576, 577, 578, 579, 580, 581, 583], "excluded_lines": [], "start_line": 326}, "_u57_auto_quality_checks": {"executed_lines": [], "summary": {"covered_lines": 0, "num_statements": 25, "percent_covered": 0.0, "percent_covered_display": "0", "missing_lines": 25, "excluded_lines": 0, "percent_statements_covered": 0.0, "percent_statements_covered_display": "0"}, "missing_lines": [589, 590, 591, 593, 594, 595, 597, 598, 601, 602, 608, 609, 610, 613, 614, 620, 621, 622, 625, 626, 627, 643, 644, 649, 650], "excluded_lines": [], "start_line": 587}, "_u58_done_detection": {"executed_lines": [], "summary": {"covered_lines": 0, "num_statements": 16, "percent_covered": 0.0, "percent_covered_display": "0", "missing_lines": 16, "excluded_lines": 0, "percent_statements_covered": 0.0, "percent_statements_covered_display": "0"}, "missing_lines": [660, 661, 662, 663, 664, 665, 667, 670, 671, 672, 673, 674, 676, 677, 678, 689], "excluded_lines": [], "start_line": 658}, "_u59_skill_auto_router": {"executed_lines": [], "summary": {"covered_lines": 0, "num_statements": 8, "percent_covered": 0.0, "percent_covered_display": "0", "missing_lines": 8, "excluded_lines": 0, "percent_statements_covered": 0.0, "percent_statements_covered_display": "0"}, "missing_lines": [699, 700, 703, 713, 714, 715, 717, 718], "excluded_lines": [], "start_line": 697}, "_u60_loop_enforcement": {"executed_lines": [], "summary": {"covered_lines": 0, "num_statements": 22, "percent_covered": 0.0, "percent_covered_display": "0", "missing_lines": 22, "excluded_lines": 0, "percent_statements_covered": 0.0, "percent_statements_covered_display": "0"}, "missing_lines": [733, 736, 737, 738, 739, 747, 748, 749, 750, 751, 752, 753, 754, 759, 760, 763, 764, 765, 768, 769, 770, 771], "excluded_lines": [], "start_line": 731}, "_u61_state_write_verification": {"executed_lines": [], "summary": {"covered_lines": 0, "num_statements": 16, "percent_covered": 0.0, "percent_covered_display": "0", "missing_lines": 16, "excluded_lines": 0, "percent_statements_covered": 0.0, "percent_statements_covered_display": "0"}, "missing_lines": [781, 782, 783, 785, 786, 787, 789, 790, 791, 800, 801, 806, 807, 811, 812, 813], "excluded_lines": [], "start_line": 779}, "_u62_memory_confidence": {"executed_lines": [], "summary": {"covered_lines": 0, "num_statements": 20, "percent_covered": 0.0, "percent_covered_display": "0", "missing_lines": 20, "excluded_lines": 0, "percent_statements_covered": 0.0, "percent_statements_covered_display": "0"}, "missing_lines": [819, 822, 823, 825, 826, 829, 830, 831, 832, 833, 836, 840, 841, 842, 844, 845, 847, 848, 860, 861], "excluded_lines": [], "start_line": 817}, "": {"executed_lines": [18, 20, 21, 22, 23, 24, 25, 26, 30, 33, 34, 37, 38, 40, 42, 43, 48, 55, 56, 59, 66, 75, 84, 92, 112, 156, 165, 199, 243, 270, 289, 309, 326, 587, 658, 697, 731, 779, 817, 868], "summary": {"covered_lines": 40, "num_statements": 46, "percent_covered": 86.95652173913044, "percent_covered_display": "87", "missing_lines": 6, "excluded_lines": 0, "percent_statements_covered": 86.95652173913044, "percent_statements_covered_display": "87"}, "missing_lines": [870, 871, 872, 873, 874, 875], "excluded_lines": [], "start_line": 1}}, "classes": {"": {"executed_lines": [18, 20, 21, 22, 23, 24, 25, 26, 30, 33, 34, 37, 38, 40, 42, 43, 48, 55, 56, 59, 66, 68, 70, 71, 72, 75, 84, 92, 112, 156, 165, 199, 201, 203, 207, 208, 209, 210, 211, 215, 216, 217, 243, 245, 246, 247, 248, 249, 250, 251, 252, 254, 255, 256, 257, 258, 261, 262, 267, 270, 272, 273, 274, 275, 276, 283, 284, 289, 309, 326, 587, 658, 697, 731, 779, 817, 868], "summary": {"covered_lines": 77, "num_statements": 487, "percent_covered": 15.811088295687885, "percent_covered_display": "16", "missing_lines": 410, "excluded_lines": 0, "percent_statements_covered": 15.811088295687885, "percent_statements_covered_display": "16"}, "missing_lines": [69, 77, 78, 79, 80, 81, 86, 87, 88, 89, 94, 95, 96, 97, 99, 100, 101, 102, 103, 104, 105, 106, 107, 108, 109, 118, 119, 121, 122, 123, 125, 126, 127, 129, 130, 131, 132, 135, 141, 147, 151, 152, 153, 158, 159, 160, 161, 162, 167, 168, 169, 170, 171, 172, 173, 174, 175, 176, 177, 178, 179, 180, 181, 182, 183, 184, 185, 186, 187, 188, 189, 190, 191, 192, 193, 194, 195, 196, 204, 212, 213, 223, 224, 230, 231, 237, 238, 239, 240, 253, 259, 260, 263, 264, 265, 266, 285, 286, 291, 292, 293, 294, 295, 296, 297, 298, 299, 300, 301, 304, 305, 306, 311, 312, 313, 314, 315, 316, 317, 318, 321, 322, 323, 327, 328, 329, 330, 332, 333, 334, 336, 337, 338, 340, 341, 343, 344, 345, 350, 351, 355, 356, 357, 358, 359, 360, 361, 362, 363, 365, 366, 367, 368, 369, 370, 371, 374, 375, 376, 377, 378, 381, 382, 386, 392, 393, 394, 396, 397, 399, 400, 401, 402, 403, 404, 405, 406, 407, 408, 409, 410, 411, 412, 414, 415, 416, 418, 419, 420, 422, 423, 424, 425, 426, 427, 428, 429, 432, 433, 434, 437, 438, 439, 440, 441, 442, 443, 444, 448, 449, 450, 451, 452, 455, 456, 457, 460, 461, 462, 463, 469, 470, 471, 472, 473, 474, 475, 476, 477, 478, 479, 482, 483, 484, 485, 486, 487, 493, 501, 503, 504, 505, 508, 509, 512, 513, 514, 517, 518, 519, 521, 522, 526, 527, 529, 530, 531, 533, 534, 542, 543, 544, 546, 547, 548, 549, 552, 553, 554, 555, 556, 557, 558, 559, 560, 561, 562, 563, 564, 565, 566, 567, 568, 569, 570, 571, 572, 573, 574, 575, 576, 577, 578, 579, 580, 581, 583, 589, 590, 591, 593, 594, 595, 597, 598, 601, 602, 608, 609, 610, 613, 614, 620, 621, 622, 625, 626, 627, 643, 644, 649, 650, 660, 661, 662, 663, 664, 665, 667, 670, 671, 672, 673, 674, 676, 677, 678, 689, 699, 700, 703, 713, 714, 715, 717, 718, 733, 736, 737, 738, 739, 747, 748, 749, 750, 751, 752, 753, 754, 759, 760, 763, 764, 765, 768, 769, 770, 771, 781, 782, 783, 785, 786, 787, 789, 790, 791, 800, 801, 806, 807, 811, 812, 813, 819, 822, 823, 825, 826, 829, 830, 831, 832, 833, 836, 840, 841, 842, 844, 845, 847, 848, 860, 861, 870, 871, 872, 873, 874, 875], "excluded_lines": [], "start_line": 1}}}, ".devin\\hooks\\pre_tool_use.py": {"executed_lines": [26, 27, 28, 29, 30, 31, 32, 33, 34, 35, 36, 37, 39, 42, 43, 44, 49, 50, 62, 65, 66, 67, 70, 79, 86, 87, 88, 91, 92, 95, 96, 99, 100, 103, 104, 107, 108, 111, 112, 115, 117, 119, 123, 133, 134, 138, 139, 140, 141, 142, 145, 146, 149, 150, 152, 155, 157, 158, 160, 161, 162, 163, 167, 172, 173, 174, 175, 176, 177, 180, 181, 182, 183, 184, 185, 186, 192, 194, 195, 196, 197, 198, 201, 204, 218, 225, 232, 237, 244, 247, 250, 257, 265, 266, 270, 271, 272, 273, 274, 280, 282, 283, 284, 285, 286, 288, 289, 291, 297, 301, 339, 342, 345, 347, 348, 349, 350, 353, 362, 364, 365, 369, 370, 371, 374, 375, 378, 379, 380, 381, 385, 386, 390, 391, 392, 393, 394, 395, 396, 397, 398, 399, 400, 402, 403, 407, 408, 409, 410, 411, 412, 419, 426, 427, 429, 430, 432, 433, 441, 442, 443, 446, 447, 448, 450, 451, 454, 455, 456, 457, 458, 459, 463, 464, 465, 468, 469, 470, 471, 472, 473, 476, 479, 481, 482, 483, 486, 488, 489, 490, 491, 492, 493, 500, 501, 510, 512, 513, 518, 520, 521, 522, 525, 526, 527, 528, 529, 530, 533, 536, 538, 539, 540, 541, 542, 543, 548, 550, 551, 552, 553, 554, 555, 558, 569, 570, 571, 574, 575, 576, 577, 578, 579, 580, 582, 583, 585, 586, 587, 588, 591, 592, 595, 596, 597, 598, 599, 600, 601, 603, 604, 605, 607, 608, 609, 610, 614, 621, 628, 629, 630, 634, 635, 640, 643, 655, 656, 657, 658, 660, 661, 663, 664, 667, 668, 669, 675, 678, 680, 690, 704, 705, 706, 707, 710, 721, 722, 723, 724, 726, 729, 730, 731, 732, 734, 739, 740, 747, 748, 750, 751, 752, 754, 755, 756, 758, 759, 764, 767, 770, 774, 775, 780, 787, 788, 789, 790, 793, 794, 795, 796, 798, 799, 800, 801, 803, 804, 805, 806, 807, 809, 810, 811, 812, 816, 817, 819, 820, 821, 825, 826, 827, 828, 829, 830, 833, 846, 847, 848, 849, 850, 852, 853, 854, 857, 858, 859, 860, 863, 866, 867, 868, 869, 870, 871, 875, 876, 877, 878, 879, 882, 889, 890, 891, 892, 894, 895, 898, 899, 900, 901, 904, 905, 906, 908, 909, 910, 911, 912, 913, 914, 915, 916, 917, 920, 921, 922, 926, 928, 936, 937, 938, 941, 942, 944, 945, 949, 950, 954, 955, 956, 957, 958, 961, 966, 967, 968, 970, 971, 972, 973, 974, 975, 976, 978, 979, 980, 981, 982, 984, 985, 988, 989, 990, 991, 992, 993, 994, 999, 1005, 1006, 1007, 1008, 1009, 1011, 1012, 1013, 1014, 1016, 1019, 1022, 1023, 1026, 1027, 1028, 1031, 1034, 1039, 1040, 1042, 1043, 1044, 1047, 1050, 1051, 1053, 1054, 1055, 1056, 1061, 1064, 1065, 1066, 1067, 1069, 1072, 1076, 1078, 1079, 1080, 1081, 1082, 1089, 1090, 1091, 1092, 1101], "summary": {"covered_lines": 487, "num_statements": 558, "percent_covered": 87.27598566308244, "percent_covered_display": "87", "missing_lines": 71, "excluded_lines": 0, "percent_statements_covered": 87.27598566308244, "percent_statements_covered_display": "87"}, "missing_lines": [45, 46, 51, 52, 56, 57, 58, 135, 159, 164, 178, 179, 187, 188, 189, 199, 200, 275, 363, 366, 382, 404, 405, 406, 413, 414, 415, 416, 434, 435, 437, 438, 439, 449, 502, 503, 514, 515, 531, 532, 544, 545, 572, 589, 590, 691, 692, 699, 741, 745, 776, 777, 808, 918, 919, 923, 939, 940, 943, 1000, 1001, 1083, 1085, 1086, 1087, 1094, 1095, 1096, 1097, 1099, 1100], "excluded_lines": [], "functions": {"detect_encoding_bypass": {"executed_lines": [86, 87, 88, 91, 92, 95, 96, 99, 100, 103, 104, 107, 108, 111, 112, 115, 117, 119], "summary": {"covered_lines": 18, "num_statements": 18, "percent_covered": 100.0, "percent_covered_display": "100", "missing_lines": 0, "excluded_lines": 0, "percent_statements_covered": 100.0, "percent_statements_covered_display": "100"}, "missing_lines": [], "excluded_lines": [], "start_line": 79}, "analyze_shell_structure": {"executed_lines": [133, 134, 138, 139, 140, 141, 142, 145, 146, 149, 150, 152], "summary": {"covered_lines": 12, "num_statements": 13, "percent_covered": 92.3076923076923, "percent_covered_display": "92", "missing_lines": 1, "excluded_lines": 0, "percent_statements_covered": 92.3076923076923, "percent_statements_covered_display": "92"}, "missing_lines": [135], "excluded_lines": [], "start_line": 123}, "_hlk_repo_root": {"executed_lines": [157, 158, 160, 161, 162, 163], "summary": {"covered_lines": 6, "num_statements": 8, "percent_covered": 75.0, "percent_covered_display": "75", "missing_lines": 2, "excluded_lines": 0, "percent_statements_covered": 75.0, "percent_statements_covered_display": "75"}, "missing_lines": [159, 164], "excluded_lines": [], "start_line": 155}, "_hlk_secret_patterns": {"executed_lines": [172, 173, 174, 175, 176, 177, 180, 181, 182, 183, 184, 185, 186], "summary": {"covered_lines": 13, "num_statements": 18, "percent_covered": 72.22222222222223, "percent_covered_display": "72", "missing_lines": 5, "excluded_lines": 0, "percent_statements_covered": 72.22222222222223, "percent_statements_covered_display": "72"}, "missing_lines": [178, 179, 187, 188, 189], "excluded_lines": [], "start_line": 167}, "detect_hlk_secret": {"executed_lines": [194, 195, 196, 197, 198, 201], "summary": {"covered_lines": 6, "num_statements": 8, "percent_covered": 75.0, "percent_covered_display": "75", "missing_lines": 2, "excluded_lines": 0, "percent_statements_covered": 75.0, "percent_statements_covered_display": "75"}, "missing_lines": [199, 200], "excluded_lines": [], "start_line": 192}, "normalize_command": {"executed_lines": [218, 225, 232, 237, 244, 247, 250, 257, 265, 266, 270, 271, 272, 273, 274, 280, 291, 297], "summary": {"covered_lines": 18, "num_statements": 19, "percent_covered": 94.73684210526316, "percent_covered_display": "95", "missing_lines": 1, "excluded_lines": 0, "percent_statements_covered": 94.73684210526316, "percent_statements_covered_display": "95"}, "missing_lines": [275], "excluded_lines": [], "start_line": 204}, "normalize_command._merge_rm_flags": {"executed_lines": [282, 283, 284, 285, 286, 288, 289], "summary": {"covered_lines": 7, "num_statements": 7, "percent_covered": 100.0, "percent_covered_display": "100", "missing_lines": 0, "excluded_lines": 0, "percent_statements_covered": 100.0, "percent_statements_covered_display": "100"}, "missing_lines": [], "excluded_lines": [], "start_line": 280}, "_ssrf_allowlist": {"executed_lines": [347, 348, 349, 350], "summary": {"covered_lines": 4, "num_statements": 4, "percent_covered": 100.0, "percent_covered_display": "100", "missing_lines": 0, "excluded_lines": 0, "percent_statements_covered": 100.0, "percent_statements_covered_display": "100"}, "missing_lines": [], "excluded_lines": [], "start_line": 345}, "_decode_ip_encoding": {"executed_lines": [362, 364, 365, 369, 370, 371, 374, 375, 378, 379, 380, 381, 385, 386, 390, 391, 392, 393, 394, 395, 396, 397, 398, 399, 400, 402, 403, 407, 408, 409, 410, 411, 412], "summary": {"covered_lines": 33, "num_statements": 43, "percent_covered": 76.74418604651163, "percent_covered_display": "77", "missing_lines": 10, "excluded_lines": 0, "percent_statements_covered": 76.74418604651163, "percent_statements_covered_display": "77"}, "missing_lines": [363, 366, 382, 404, 405, 406, 413, 414, 415, 416], "excluded_lines": [], "start_line": 353}, "check_ssrf": {"executed_lines": [426, 427, 429, 430, 432, 433, 441, 442, 443, 446, 447, 448, 450, 451, 454, 455, 456, 457, 458, 459, 463, 464, 465, 468, 469, 470, 471, 472, 473, 476], "summary": {"covered_lines": 30, "num_statements": 36, "percent_covered": 83.33333333333333, "percent_covered_display": "83", "missing_lines": 6, "excluded_lines": 0, "percent_statements_covered": 83.33333333333333, "percent_statements_covered_display": "83"}, "missing_lines": [434, 435, 437, 438, 439, 449], "excluded_lines": [], "start_line": 419}, "_extract_urls": {"executed_lines": [481, 482, 483], "summary": {"covered_lines": 3, "num_statements": 3, "percent_covered": 100.0, "percent_covered_display": "100", "missing_lines": 0, "excluded_lines": 0, "percent_statements_covered": 100.0, "percent_statements_covered_display": "100"}, "missing_lines": [], "excluded_lines": [], "start_line": 479}, "_log_ssrf_block": {"executed_lines": [488, 489, 490, 491, 492, 493, 500, 501], "summary": {"covered_lines": 8, "num_statements": 10, "percent_covered": 80.0, "percent_covered_display": "80", "missing_lines": 2, "excluded_lines": 0, "percent_statements_covered": 80.0, "percent_statements_covered_display": "80"}, "missing_lines": [502, 503], "excluded_lines": [], "start_line": 486}, "_ssrf_pin_ttl": {"executed_lines": [512, 513], "summary": {"covered_lines": 2, "num_statements": 4, "percent_covered": 50.0, "percent_covered_display": "50", "missing_lines": 2, "excluded_lines": 0, "percent_statements_covered": 50.0, "percent_statements_covered_display": "50"}, "missing_lines": [514, 515], "excluded_lines": [], "start_line": 510}, "_ssrf_pins_path": {"executed_lines": [520, 521, 522], "summary": {"covered_lines": 3, "num_statements": 3, "percent_covered": 100.0, "percent_covered_display": "100", "missing_lines": 0, "excluded_lines": 0, "percent_statements_covered": 100.0, "percent_statements_covered_display": "100"}, "missing_lines": [], "excluded_lines": [], "start_line": 518}, "_load_ssrf_pins": {"executed_lines": [526, 527, 528, 529, 530, 533], "summary": {"covered_lines": 6, "num_statements": 8, "percent_covered": 75.0, "percent_covered_display": "75", "missing_lines": 2, "excluded_lines": 0, "percent_statements_covered": 75.0, "percent_statements_covered_display": "75"}, "missing_lines": [531, 532], "excluded_lines": [], "start_line": 525}, "_save_ssrf_pins": {"executed_lines": [538, 539, 540, 541, 542, 543], "summary": {"covered_lines": 6, "num_statements": 8, "percent_covered": 75.0, "percent_covered_display": "75", "missing_lines": 2, "excluded_lines": 0, "percent_statements_covered": 75.0, "percent_statements_covered_display": "75"}, "missing_lines": [544, 545], "excluded_lines": [], "start_line": 536}, "_resolve_host": {"executed_lines": [550, 551, 552, 553, 554, 555], "summary": {"covered_lines": 6, "num_statements": 6, "percent_covered": 100.0, "percent_covered_display": "100", "missing_lines": 0, "excluded_lines": 0, "percent_statements_covered": 100.0, "percent_statements_covered_display": "100"}, "missing_lines": [], "excluded_lines": [], "start_line": 548}, "_pin_and_verify_url": {"executed_lines": [569, 570, 571, 574, 575, 576, 577, 578, 579, 580, 582, 583, 585, 586, 587, 588, 591, 592, 595, 596, 597, 598, 599, 600, 601, 603, 604, 605, 607, 608, 609, 610], "summary": {"covered_lines": 32, "num_statements": 35, "percent_covered": 91.42857142857143, "percent_covered_display": "91", "missing_lines": 3, "excluded_lines": 0, "percent_statements_covered": 91.42857142857143, "percent_statements_covered_display": "91"}, "missing_lines": [572, 589, 590], "excluded_lines": [], "start_line": 558}, "_gate_error": {"executed_lines": [628, 629, 630, 634, 635, 640], "summary": {"covered_lines": 6, "num_statements": 6, "percent_covered": 100.0, "percent_covered_display": "100", "missing_lines": 0, "excluded_lines": 0, "percent_statements_covered": 100.0, "percent_statements_covered_display": "100"}, "missing_lines": [], "excluded_lines": [], "start_line": 621}, "_check_context_oversized_gate": {"executed_lines": [655, 656, 657, 658, 660, 661, 663, 664, 667, 668, 669, 675, 678, 680, 690, 704, 705, 706, 707], "summary": {"covered_lines": 19, "num_statements": 22, "percent_covered": 86.36363636363636, "percent_covered_display": "86", "missing_lines": 3, "excluded_lines": 0, "percent_statements_covered": 86.36363636363636, "percent_statements_covered_display": "86"}, "missing_lines": [691, 692, 699], "excluded_lines": [], "start_line": 643}, "_check_cost_cap_gate": {"executed_lines": [721, 722, 723, 724, 726, 729, 730, 731, 732, 734, 739, 740, 747, 748, 750, 751, 752, 754, 755, 756, 758, 759, 764, 767, 770, 774, 775], "summary": {"covered_lines": 27, "num_statements": 31, "percent_covered": 87.09677419354838, "percent_covered_display": "87", "missing_lines": 4, "excluded_lines": 0, "percent_statements_covered": 87.09677419354838, "percent_statements_covered_display": "87"}, "missing_lines": [741, 745, 776, 777], "excluded_lines": [], "start_line": 710}, "_check_ssrf_gate": {"executed_lines": [787, 788, 789, 790, 793, 794, 795, 796, 798, 799, 800, 801, 803, 804, 805, 806, 807, 809, 810, 811, 812, 816, 817, 819, 820, 821, 825, 826, 827, 828, 829, 830], "summary": {"covered_lines": 32, "num_statements": 33, "percent_covered": 96.96969696969697, "percent_covered_display": "97", "missing_lines": 1, "excluded_lines": 0, "percent_statements_covered": 96.96969696969697, "percent_statements_covered_display": "97"}, "missing_lines": [808], "excluded_lines": [], "start_line": 780}, "_check_encoding_bypass_gate": {"executed_lines": [846, 847, 848, 849, 850, 852, 853, 854, 857, 858, 859, 860, 863, 866, 867, 868, 869, 870, 871, 875, 876, 877, 878, 879], "summary": {"covered_lines": 24, "num_statements": 24, "percent_covered": 100.0, "percent_covered_display": "100", "missing_lines": 0, "excluded_lines": 0, "percent_statements_covered": 100.0, "percent_statements_covered_display": "100"}, "missing_lines": [], "excluded_lines": [], "start_line": 833}, "_check_reflection_gate": {"executed_lines": [889, 890, 891, 892, 894, 895, 898, 899, 900, 901, 904, 905, 906, 908, 909, 910, 911, 912, 913, 914, 915, 916, 917, 920, 921, 922, 926, 928, 936, 937, 938, 941, 942, 944, 945, 949, 950, 954, 955, 956, 957, 958], "summary": {"covered_lines": 42, "num_statements": 48, "percent_covered": 87.5, "percent_covered_display": "88", "missing_lines": 6, "excluded_lines": 0, "percent_statements_covered": 87.5, "percent_statements_covered_display": "88"}, "missing_lines": [918, 919, 923, 939, 940, 943], "excluded_lines": [], "start_line": 882}, "_check_risk_contract": {"executed_lines": [966, 967, 968, 970, 971, 972, 973, 974, 975, 976, 978, 979, 980, 981, 982, 984, 985, 988, 989, 990, 991, 992, 993, 994, 999], "summary": {"covered_lines": 25, "num_statements": 27, "percent_covered": 92.5925925925926, "percent_covered_display": "93", "missing_lines": 2, "excluded_lines": 0, "percent_statements_covered": 92.5925925925926, "percent_statements_covered_display": "93"}, "missing_lines": [1000, 1001], "excluded_lines": [], "start_line": 961}, "main": {"executed_lines": [1006, 1007, 1008, 1009, 1011, 1012, 1013, 1014, 1016, 1019, 1022, 1023, 1026, 1027, 1028, 1031, 1034, 1039, 1040, 1042, 1043, 1044, 1047, 1050, 1051, 1053, 1054, 1055, 1056, 1061, 1064, 1065, 1066, 1067, 1069], "summary": {"covered_lines": 35, "num_statements": 35, "percent_covered": 100.0, "percent_covered_display": "100", "missing_lines": 0, "excluded_lines": 0, "percent_statements_covered": 100.0, "percent_statements_covered_display": "100"}, "missing_lines": [], "excluded_lines": [], "start_line": 1005}, "_run": {"executed_lines": [1079, 1080, 1081, 1082], "summary": {"covered_lines": 4, "num_statements": 8, "percent_covered": 50.0, "percent_covered_display": "50", "missing_lines": 4, "excluded_lines": 0, "percent_statements_covered": 50.0, "percent_statements_covered_display": "50"}, "missing_lines": [1083, 1085, 1086, 1087], "excluded_lines": [], "start_line": 1078}, "": {"executed_lines": [26, 27, 28, 29, 30, 31, 32, 33, 34, 35, 36, 37, 39, 42, 43, 44, 49, 50, 62, 65, 66, 67, 70, 79, 123, 155, 167, 192, 204, 301, 339, 342, 345, 353, 419, 479, 486, 510, 518, 525, 536, 548, 558, 614, 621, 643, 710, 780, 833, 882, 961, 1005, 1072, 1076, 1078, 1089, 1090, 1091, 1092, 1101], "summary": {"covered_lines": 60, "num_statements": 73, "percent_covered": 82.1917808219178, "percent_covered_display": "82", "missing_lines": 13, "excluded_lines": 0, "percent_statements_covered": 82.1917808219178, "percent_statements_covered_display": "82"}, "missing_lines": [45, 46, 51, 52, 56, 57, 58, 1094, 1095, 1096, 1097, 1099, 1100], "excluded_lines": [], "start_line": 1}}, "classes": {"": {"executed_lines": [26, 27, 28, 29, 30, 31, 32, 33, 34, 35, 36, 37, 39, 42, 43, 44, 49, 50, 62, 65, 66, 67, 70, 79, 86, 87, 88, 91, 92, 95, 96, 99, 100, 103, 104, 107, 108, 111, 112, 115, 117, 119, 123, 133, 134, 138, 139, 140, 141, 142, 145, 146, 149, 150, 152, 155, 157, 158, 160, 161, 162, 163, 167, 172, 173, 174, 175, 176, 177, 180, 181, 182, 183, 184, 185, 186, 192, 194, 195, 196, 197, 198, 201, 204, 218, 225, 232, 237, 244, 247, 250, 257, 265, 266, 270, 271, 272, 273, 274, 280, 282, 283, 284, 285, 286, 288, 289, 291, 297, 301, 339, 342, 345, 347, 348, 349, 350, 353, 362, 364, 365, 369, 370, 371, 374, 375, 378, 379, 380, 381, 385, 386, 390, 391, 392, 393, 394, 395, 396, 397, 398, 399, 400, 402, 403, 407, 408, 409, 410, 411, 412, 419, 426, 427, 429, 430, 432, 433, 441, 442, 443, 446, 447, 448, 450, 451, 454, 455, 456, 457, 458, 459, 463, 464, 465, 468, 469, 470, 471, 472, 473, 476, 479, 481, 482, 483, 486, 488, 489, 490, 491, 492, 493, 500, 501, 510, 512, 513, 518, 520, 521, 522, 525, 526, 527, 528, 529, 530, 533, 536, 538, 539, 540, 541, 542, 543, 548, 550, 551, 552, 553, 554, 555, 558, 569, 570, 571, 574, 575, 576, 577, 578, 579, 580, 582, 583, 585, 586, 587, 588, 591, 592, 595, 596, 597, 598, 599, 600, 601, 603, 604, 605, 607, 608, 609, 610, 614, 621, 628, 629, 630, 634, 635, 640, 643, 655, 656, 657, 658, 660, 661, 663, 664, 667, 668, 669, 675, 678, 680, 690, 704, 705, 706, 707, 710, 721, 722, 723, 724, 726, 729, 730, 731, 732, 734, 739, 740, 747, 748, 750, 751, 752, 754, 755, 756, 758, 759, 764, 767, 770, 774, 775, 780, 787, 788, 789, 790, 793, 794, 795, 796, 798, 799, 800, 801, 803, 804, 805, 806, 807, 809, 810, 811, 812, 816, 817, 819, 820, 821, 825, 826, 827, 828, 829, 830, 833, 846, 847, 848, 849, 850, 852, 853, 854, 857, 858, 859, 860, 863, 866, 867, 868, 869, 870, 871, 875, 876, 877, 878, 879, 882, 889, 890, 891, 892, 894, 895, 898, 899, 900, 901, 904, 905, 906, 908, 909, 910, 911, 912, 913, 914, 915, 916, 917, 920, 921, 922, 926, 928, 936, 937, 938, 941, 942, 944, 945, 949, 950, 954, 955, 956, 957, 958, 961, 966, 967, 968, 970, 971, 972, 973, 974, 975, 976, 978, 979, 980, 981, 982, 984, 985, 988, 989, 990, 991, 992, 993, 994, 999, 1005, 1006, 1007, 1008, 1009, 1011, 1012, 1013, 1014, 1016, 1019, 1022, 1023, 1026, 1027, 1028, 1031, 1034, 1039, 1040, 1042, 1043, 1044, 1047, 1050, 1051, 1053, 1054, 1055, 1056, 1061, 1064, 1065, 1066, 1067, 1069, 1072, 1076, 1078, 1079, 1080, 1081, 1082, 1089, 1090, 1091, 1092, 1101], "summary": {"covered_lines": 487, "num_statements": 558, "percent_covered": 87.27598566308244, "percent_covered_display": "87", "missing_lines": 71, "excluded_lines": 0, "percent_statements_covered": 87.27598566308244, "percent_statements_covered_display": "87"}, "missing_lines": [45, 46, 51, 52, 56, 57, 58, 135, 159, 164, 178, 179, 187, 188, 189, 199, 200, 275, 363, 366, 382, 404, 405, 406, 413, 414, 415, 416, 434, 435, 437, 438, 439, 449, 502, 503, 514, 515, 531, 532, 544, 545, 572, 589, 590, 691, 692, 699, 741, 745, 776, 777, 808, 918, 919, 923, 939, 940, 943, 1000, 1001, 1083, 1085, 1086, 1087, 1094, 1095, 1096, 1097, 1099, 1100], "excluded_lines": [], "start_line": 1}}}, ".devin\\hooks\\schema_gate.py": {"executed_lines": [23, 25, 26, 27, 28, 29, 30, 33, 34, 35, 47, 52, 69, 102, 103, 106, 134, 137, 142, 143, 172, 173, 174, 177, 179, 181, 182, 183, 184, 185, 186, 187, 188, 189, 192, 198, 199, 200, 201, 202, 203, 204, 205, 206, 207, 208, 209, 210, 211, 212, 223, 227, 230, 248, 270, 274, 278, 284, 291, 292, 293, 294, 295, 296, 297, 301, 302, 303, 305, 308, 314, 315, 316, 317, 318, 319, 321, 322, 323, 324, 325, 346, 357, 359, 360, 361, 362, 365, 367, 369, 370, 371, 374, 376, 377, 378, 379, 381, 382, 383, 384, 385, 386, 389, 396, 397, 398, 400, 401, 402, 403, 404, 406, 407, 408, 409, 410, 411, 412, 419, 425, 429, 430, 431, 432, 433, 437, 440, 445, 446, 447, 448, 449, 450, 451, 453, 454, 455, 456, 457, 460, 469, 470, 472, 473, 474, 475, 479, 483, 484, 485, 486, 488, 489, 490, 491, 493, 494, 499, 500, 502, 509, 510, 511, 513, 515, 516, 517, 522, 525, 532, 533, 534, 535, 536, 538, 542, 543, 544, 545, 546, 552, 554, 555, 556, 558, 559, 560, 561, 562, 565, 566, 568, 569, 571, 575, 576, 577, 578, 587, 590, 595, 596, 597, 599, 600, 602, 603, 605, 606, 608, 609, 611, 612, 614, 615, 617, 619, 621, 624, 626, 628, 629, 630, 631, 633, 634, 635, 636, 637, 639, 640, 641, 642, 646, 649, 655, 656, 657, 658, 659, 660, 663, 664, 665, 670, 671, 677, 680, 682, 688, 689, 690, 691, 696, 697, 698, 704, 707, 714, 722, 723, 724, 733, 735, 742, 745, 747, 748, 749, 750, 752, 753, 754, 758, 760, 761, 762, 765, 766, 767, 768, 769, 776, 777, 779, 782, 784, 785, 788, 792, 795, 799, 801, 802, 803, 804, 805, 813, 814, 815, 816, 824], "summary": {"covered_lines": 303, "num_statements": 381, "percent_covered": 79.5275590551181, "percent_covered_display": "80", "missing_lines": 78, "excluded_lines": 0, "percent_statements_covered": 79.5275590551181, "percent_statements_covered_display": "80"}, "missing_lines": [40, 41, 42, 43, 44, 144, 145, 146, 147, 148, 150, 151, 152, 153, 154, 155, 156, 157, 158, 159, 160, 161, 162, 163, 164, 165, 166, 180, 214, 215, 216, 217, 220, 224, 298, 326, 327, 328, 329, 330, 331, 332, 333, 334, 335, 336, 337, 338, 339, 340, 341, 416, 477, 503, 514, 547, 548, 549, 563, 567, 672, 673, 683, 725, 727, 770, 771, 772, 806, 807, 810, 811, 817, 818, 819, 820, 822, 823], "excluded_lines": [], "functions": {"_find_jwt": {"executed_lines": [142, 143], "summary": {"covered_lines": 2, "num_statements": 24, "percent_covered": 8.333333333333334, "percent_covered_display": "8", "missing_lines": 22, "excluded_lines": 0, "percent_statements_covered": 8.333333333333334, "percent_statements_covered_display": "8"}, "missing_lines": [144, 145, 146, 147, 148, 150, 151, 152, 153, 154, 155, 156, 157, 158, 159, 160, 161, 162, 163, 164, 165, 166], "excluded_lines": [], "start_line": 137}, "_shannon_entropy": {"executed_lines": [179, 181, 182, 183, 184, 185, 186, 187, 188, 189], "summary": {"covered_lines": 10, "num_statements": 11, "percent_covered": 90.9090909090909, "percent_covered_display": "91", "missing_lines": 1, "excluded_lines": 0, "percent_statements_covered": 90.9090909090909, "percent_statements_covered_display": "91"}, "missing_lines": [180], "excluded_lines": [], "start_line": 177}, "_load_hlk_secret_patterns": {"executed_lines": [198, 199, 200, 201, 202, 203, 204, 205, 206, 207, 208, 209, 210, 211, 212, 223, 227], "summary": {"covered_lines": 17, "num_statements": 23, "percent_covered": 73.91304347826087, "percent_covered_display": "74", "missing_lines": 6, "excluded_lines": 0, "percent_statements_covered": 73.91304347826087, "percent_statements_covered_display": "74"}, "missing_lines": [214, 215, 216, 217, 220, 224], "excluded_lines": [], "start_line": 192}, "_finalize_slow_indices": {"executed_lines": [291, 292, 293, 294, 295, 296, 297], "summary": {"covered_lines": 7, "num_statements": 8, "percent_covered": 87.5, "percent_covered_display": "88", "missing_lines": 1, "excluded_lines": 0, "percent_statements_covered": 87.5, "percent_statements_covered_display": "88"}, "missing_lines": [298], "excluded_lines": [], "start_line": 284}, "_scan_chunk_secrets": {"executed_lines": [314, 315, 316, 317, 318, 319, 321, 322, 323, 324, 325], "summary": {"covered_lines": 11, "num_statements": 27, "percent_covered": 40.74074074074074, "percent_covered_display": "41", "missing_lines": 16, "excluded_lines": 0, "percent_statements_covered": 40.74074074074074, "percent_statements_covered_display": "41"}, "missing_lines": [326, 327, 328, 329, 330, 331, 332, 333, 334, 335, 336, 337, 338, 339, 340, 341], "excluded_lines": [], "start_line": 308}, "_extract_file_path": {"executed_lines": [359, 360, 361, 362], "summary": {"covered_lines": 4, "num_statements": 4, "percent_covered": 100.0, "percent_covered_display": "100", "missing_lines": 0, "excluded_lines": 0, "percent_statements_covered": 100.0, "percent_statements_covered_display": "100"}, "missing_lines": [], "excluded_lines": [], "start_line": 357}, "_normalize_path": {"executed_lines": [367, 369, 370, 371], "summary": {"covered_lines": 4, "num_statements": 4, "percent_covered":
[...]
ts\\tscg.py": {"executed_lines": [22, 24, 25, 26, 28, 30, 31, 32, 34, 35, 39, 41, 43, 45, 46, 49, 51, 52, 53, 56, 58, 61, 63, 64, 65, 66, 74, 89, 90, 91, 92, 97, 100, 101, 105, 107, 110, 111, 113, 114, 115, 118, 120, 121, 123, 126, 131, 133, 134, 135, 136, 137, 138, 139, 140, 141, 142, 143, 144, 147, 150, 151], "summary": {"covered_lines": 62, "num_statements": 63, "percent_covered": 98.41269841269842, "percent_covered_display": "98", "missing_lines": 1, "excluded_lines": 0, "percent_statements_covered": 98.41269841269842, "percent_statements_covered_display": "98"}, "missing_lines": [36], "excluded_lines": [], "functions": {"_estimate_tool_tokens": {"executed_lines": [51, 52, 53], "summary": {"covered_lines": 3, "num_statements": 3, "percent_covered": 100.0, "percent_covered_display": "100", "missing_lines": 0, "excluded_lines": 0, "percent_statements_covered": 100.0, "percent_statements_covered_display": "100"}, "missing_lines": [], "excluded_lines": [], "start_line": 49}, "_total_tokens": {"executed_lines": [58], "summary": {"covered_lines": 1, "num_statements": 1, "percent_covered": 100.0, "percent_covered_display": "100", "missing_lines": 0, "excluded_lines": 0, "percent_statements_covered": 100.0, "percent_statements_covered_display": "100"}, "missing_lines": [], "excluded_lines": [], "start_line": 56}, "_to_conservative": {"executed_lines": [63, 64, 65, 66], "summary": {"covered_lines": 4, "num_statements": 4, "percent_covered": 100.0, "percent_covered_display": "100", "missing_lines": 0, "excluded_lines": 0, "percent_statements_covered": 100.0, "percent_statements_covered_display": "100"}, "missing_lines": [], "excluded_lines": [], "start_line": 61}, "compress_schema": {"executed_lines": [89, 90, 91, 92, 97, 100, 101, 105, 107, 110, 111, 113, 114, 115, 118, 120, 121, 123], "summary": {"covered_lines": 18, "num_statements": 18, "percent_covered": 100.0, "percent_covered_display": "100", "missing_lines": 0, "excluded_lines": 0, "percent_statements_covered": 100.0, "percent_statements_covered_display": "100"}, "missing_lines": [], "excluded_lines": [], "start_line": 74}, "_cli": {"executed_lines": [131, 133, 134, 135, 136, 137, 138, 139, 140, 141, 142, 143, 144, 147], "summary": {"covered_lines": 14, "num_statements": 14, "percent_covered": 100.0, "percent_covered_display": "100", "missing_lines": 0, "excluded_lines": 0, "percent_statements_covered": 100.0, "percent_statements_covered_display": "100"}, "missing_lines": [], "excluded_lines": [], "start_line": 126}, "": {"executed_lines": [22, 24, 25, 26, 28, 30, 31, 32, 34, 35, 39, 41, 43, 45, 46, 49, 56, 61, 74, 126, 150, 151], "summary": {"covered_lines": 22, "num_statements": 23, "percent_covered": 95.65217391304348, "percent_covered_display": "96", "missing_lines": 1, "excluded_lines": 0, "percent_statements_covered": 95.65217391304348, "percent_statements_covered_display": "96"}, "missing_lines": [36], "excluded_lines": [], "start_line": 1}}, "classes": {"": {"executed_lines": [22, 24, 25, 26, 28, 30, 31, 32, 34, 35, 39, 41, 43, 45, 46, 49, 51, 52, 53, 56, 58, 61, 63, 64, 65, 66, 74, 89, 90, 91, 92, 97, 100, 101, 105, 107, 110, 111, 113, 114, 115, 118, 120, 121, 123, 126, 131, 133, 134, 135, 136, 137, 138, 139, 140, 141, 142, 143, 144, 147, 150, 151], "summary": {"covered_lines": 62, "num_statements": 63, "percent_covered": 98.41269841269842, "percent_covered_display": "98", "missing_lines": 1, "excluded_lines": 0, "percent_statements_covered": 98.41269841269842, "percent_statements_covered_display": "98"}, "missing_lines": [36], "excluded_lines": [], "start_line": 1}}}, ".devin\\scripts\\update_common.py": {"executed_lines": [14, 16, 17, 18, 19, 20, 21, 22, 23, 27, 30, 31, 37, 40, 61, 62, 65, 67, 68, 69, 70, 73, 75, 78, 88, 89, 91, 92, 93, 94, 95, 96, 97, 98, 99, 100, 101, 102, 103, 104, 105, 106, 109, 116, 117, 125, 126, 127, 128, 129, 130, 131, 134, 136, 137, 138, 139, 140, 141, 142, 143, 144, 145, 146, 147, 150, 152, 153, 154, 157, 159, 160, 161, 162, 163, 164, 165, 168, 170, 171, 172, 174, 175, 176, 177, 178, 179, 183, 186, 188, 189, 192, 194, 195, 198, 200, 201, 202, 207, 208, 211, 213, 214, 219, 220], "summary": {"covered_lines": 105, "num_statements": 107, "percent_covered": 98.13084112149532, "percent_covered_display": "98", "missing_lines": 2, "excluded_lines": 0, "percent_statements_covered": 98.13084112149532, "percent_statements_covered_display": "98"}, "missing_lines": [32, 90], "excluded_lines": [], "functions": {"_normalize_pattern": {"executed_lines": [67, 68, 69, 70], "summary": {"covered_lines": 4, "num_statements": 4, "percent_covered": 100.0, "percent_covered_display": "100", "missing_lines": 0, "excluded_lines": 0, "percent_statements_covered": 100.0, "percent_statements_covered_display": "100"}, "missing_lines": [], "excluded_lines": [], "start_line": 65}, "glob_match": {"executed_lines": [75], "summary": {"covered_lines": 1, "num_statements": 1, "percent_covered": 100.0, "percent_covered_display": "100", "missing_lines": 0, "excluded_lines": 0, "percent_statements_covered": 100.0, "percent_statements_covered_display": "100"}, "missing_lines": [], "excluded_lines": [], "start_line": 73}, "is_protected": {"executed_lines": [88, 89, 91, 92, 93, 94, 95, 96, 97, 98, 99, 100, 101, 102, 103, 104, 105, 106], "summary": {"covered_lines": 18, "num_statements": 19, "percent_covered": 94.73684210526316, "percent_covered_display": "95", "missing_lines": 1, "excluded_lines": 0, "percent_statements_covered": 94.73684210526316, "percent_statements_covered_display": "95"}, "missing_lines": [90], "excluded_lines": [], "start_line": 78}, "run_cmd": {"executed_lines": [116, 117, 125, 126, 127, 128, 129, 130, 131], "summary": {"covered_lines": 9, "num_statements": 9, "percent_covered": 100.0, "percent_covered_display": "100", "missing_lines": 0, "excluded_lines": 0, "percent_statements_covered": 100.0, "percent_statements_covered_display": "100"}, "missing_lines": [], "excluded_lines": [], "start_line": 109}, "load_tracker": {"executed_lines": [136, 137, 138, 139, 140, 141, 142, 143, 144, 145, 146, 147], "summary": {"covered_lines": 12, "num_statements": 12, "percent_covered": 100.0, "percent_covered_display": "100", "missing_lines": 0, "excluded_lines": 0, "percent_statements_covered": 100.0, "percent_statements_covered_display": "100"}, "missing_lines": [], "excluded_lines": [], "start_line": 134}, "save_tracker": {"executed_lines": [152, 153, 154], "summary": {"covered_lines": 3, "num_statements": 3, "percent_covered": 100.0, "percent_covered_display": "100", "missing_lines": 0, "excluded_lines": 0, "percent_statements_covered": 100.0, "percent_statements_covered_display": "100"}, "missing_lines": [], "excluded_lines": [], "start_line": 150}, "file_hash": {"executed_lines": [159, 160, 161, 162, 163, 164, 165], "summary": {"covered_lines": 7, "num_statements": 7, "percent_covered": 100.0, "percent_covered_display": "100", "missing_lines": 0, "excluded_lines": 0, "percent_statements_covered": 100.0, "percent_statements_covered_display": "100"}, "missing_lines": [], "excluded_lines": [], "start_line": 157}, "validate_git_url": {"executed_lines": [170, 171, 172, 174, 175, 176, 177, 178, 179, 183], "summary": {"covered_lines": 10, "num_statements": 10, "percent_covered": 100.0, "percent_covered_display": "100", "missing_lines": 0, "excluded_lines": 0, "percent_statements_covered": 100.0, "percent_statements_covered_display": "100"}, "missing_lines": [], "excluded_lines": [], "start_line": 168}, "get_current_branch": {"executed_lines": [188, 189], "summary": {"covered_lines": 2, "num_statements": 2, "percent_covered": 100.0, "percent_covered_display": "100", "missing_lines": 0, "excluded_lines": 0, "percent_statements_covered": 100.0, "percent_statements_covered_display": "100"}, "missing_lines": [], "excluded_lines": [], "start_line": 186}, "is_dirty_workspace": {"executed_lines": [194, 195], "summary": {"covered_lines": 2, "num_statements": 2, "percent_covered": 100.0, "percent_covered_display": "100", "missing_lines": 0, "excluded_lines": 0, "percent_statements_covered": 100.0, "percent_statements_covered_display": "100"}, "missing_lines": [], "excluded_lines": [], "start_line": 192}, "guard_main_branch": {"executed_lines": [200, 201, 202, 207, 208], "summary": {"covered_lines": 5, "num_statements": 5, "percent_covered": 100.0, "percent_covered_display": "100", "missing_lines": 0, "excluded_lines": 0, "percent_statements_covered": 100.0, "percent_statements_covered_display": "100"}, "missing_lines": [], "excluded_lines": [], "start_line": 198}, "guard_clean_workspace": {"executed_lines": [213, 214, 219, 220], "summary": {"covered_lines": 4, "num_statements": 4, "percent_covered": 100.0, "percent_covered_display": "100", "missing_lines": 0, "excluded_lines": 0, "percent_statements_covered": 100.0, "percent_statements_covered_display": "100"}, "missing_lines": [], "excluded_lines": [], "start_line": 211}, "": {"executed_lines": [14, 16, 17, 18, 19, 20, 21, 22, 23, 27, 30, 31, 37, 40, 61, 62, 65, 73, 78, 109, 134, 150, 157, 168, 186, 192, 198, 211], "summary": {"covered_lines": 28, "num_statements": 29, "percent_covered": 96.55172413793103, "percent_covered_display": "97", "missing_lines": 1, "excluded_lines": 0, "percent_statements_covered": 96.55172413793103, "percent_statements_covered_display": "97"}, "missing_lines": [32], "excluded_lines": [], "start_line": 1}}, "classes": {"": {"executed_lines": [14, 16, 17, 18, 19, 20, 21, 22, 23, 27, 30, 31, 37, 40, 61, 62, 65, 67, 68, 69, 70, 73, 75, 78, 88, 89, 91, 92, 93, 94, 95, 96, 97, 98, 99, 100, 101, 102, 103, 104, 105, 106, 109, 116, 117, 125, 126, 127, 128, 129, 130, 131, 134, 136, 137, 138, 139, 140, 141, 142, 143, 144, 145, 146, 147, 150, 152, 153, 154, 157, 159, 160, 161, 162, 163, 164, 165, 168, 170, 171, 172, 174, 175, 176, 177, 178, 179, 183, 186, 188, 189, 192, 194, 195, 198, 200, 201, 202, 207, 208, 211, 213, 214, 219, 220], "summary": {"covered_lines": 105, "num_statements": 107, "percent_covered": 98.13084112149532, "percent_covered_display": "98", "missing_lines": 2, "excluded_lines": 0, "percent_statements_covered": 98.13084112149532, "percent_statements_covered_display": "98"}, "missing_lines": [32, 90], "excluded_lines": [], "start_line": 1}}}, ".devin\\scripts\\worktree.py": {"executed_lines": [42, 44, 45, 46, 47, 48, 49, 50, 52, 53, 54, 56, 57, 63, 65, 68, 69, 70, 73, 76, 78, 81, 86, 87, 88, 89, 90, 91, 92, 95, 97, 98, 99, 100, 101, 104, 109, 110, 111, 112, 116, 121, 123, 124, 130, 131, 142, 144, 145, 146, 152, 163, 165, 166, 186, 188, 189, 190, 191, 192, 195, 196, 197, 198, 202, 203, 204, 206, 209, 210, 215, 216, 223, 224, 226, 227, 228, 229, 230, 231, 234, 236, 237, 241, 242, 243, 244, 245, 248, 250, 251, 252, 253, 255, 256, 257, 259, 266, 267, 268, 269, 270, 273, 274, 279, 281, 289, 290, 296, 299, 300, 301, 302, 304, 305, 306, 309, 311, 312, 316, 317, 318, 321, 328, 329, 330, 331, 332, 335, 336, 337, 342, 345, 348, 349, 350, 351, 353, 354, 357, 359, 360, 361, 362, 364, 365, 366, 367, 369, 370, 373, 374, 375, 377, 378, 379, 380, 382, 384, 385, 387, 388, 390, 392, 394, 395, 396, 397, 398, 400, 401, 402, 403, 407], "summary": {"covered_lines": 174, "num_statements": 237, "percent_covered": 73.41772151898734, "percent_covered_display": "73", "missing_lines": 63, "excluded_lines": 3, "percent_statements_covered": 73.41772151898734, "percent_statements_covered_display": "73"}, "missing_lines": [117, 118, 132, 133, 134, 135, 136, 137, 138, 139, 153, 154, 155, 156, 157, 158, 159, 160, 167, 168, 170, 171, 172, 173, 174, 175, 176, 177, 179, 180, 181, 182, 183, 193, 199, 200, 211, 212, 238, 239, 260, 262, 263, 264, 275, 276, 282, 283, 284, 285, 286, 292, 293, 313, 314, 322, 326, 338, 339, 343, 399, 404, 408], "excluded_lines": [58, 59, 60], "functions": {"_get_repo_root": {"executed_lines": [65], "summary": {"covered_lines": 1, "num_statements": 1, "percent_covered": 100.0, "percent_covered_display": "100", "missing_lines": 0, "excluded_lines": 0, "percent_statements_covered": 100.0, "percent_statements_covered_display": "100"}, "missing_lines": [], "excluded_lines": [], "start_line": 63}, "_validate_worker_id": {"executed_lines": [78], "summary": {"covered_lines": 1, "num_statements": 1, "percent_covered": 100.0, "percent_covered_display": "100", "missing_lines": 0, "excluded_lines": 0, "percent_statements_covered": 100.0, "percent_statements_covered_display": "100"}, "missing_lines": [], "excluded_lines": [], "start_line": 76}, "_worktree_target": {"executed_lines": [86, 87, 88, 89, 90, 91, 92], "summary": {"covered_lines": 7, "num_statements": 7, "percent_covered": 100.0, "percent_covered_display": "100", "missing_lines": 0, "excluded_lines": 0, "percent_statements_covered": 100.0, "percent_statements_covered_display": "100"}, "missing_lines": [], "excluded_lines": [], "start_line": 81}, "_path_within_worktrees": {"executed_lines": [97, 98, 99, 100, 101], "summary": {"covered_lines": 5, "num_statements": 5, "percent_covered": 100.0, "percent_covered_display": "100", "missing_lines": 0, "excluded_lines": 0, "percent_statements_covered": 100.0, "percent_statements_covered_display": "100"}, "missing_lines": [], "excluded_lines": [], "start_line": 95}, "_git": {"executed_lines": [109, 110, 111, 112, 116], "summary": {"covered_lines": 5, "num_statements": 7, "percent_covered": 71.42857142857143, "percent_covered_display": "71", "missing_lines": 2, "excluded_lines": 0, "percent_statements_covered": 71.42857142857143, "percent_statements_covered_display": "71"}, "missing_lines": [117, 118], "excluded_lines": [], "start_line": 104}, "_load_state": {"executed_lines": [123, 124, 130, 131], "summary": {"covered_lines": 4, "num_statements": 12, "percent_covered": 33.333333333333336, "percent_covered_display": "33", "missing_lines": 8, "excluded_lines": 0, "percent_statements_covered": 33.333333333333336, "percent_statements_covered_display": "33"}, "missing_lines": [132, 133, 134, 135, 136, 137, 138, 139], "excluded_lines": [], "start_line": 121}, "_save_state": {"executed_lines": [144, 145, 146, 152], "summary": {"covered_lines": 4, "num_statements": 12, "percent_covered": 33.333333333333336, "percent_covered_display": "33", "missing_lines": 8, "excluded_lines": 0, "percent_statements_covered": 33.333333333333336, "percent_statements_covered_display": "33"}, "missing_lines": [153, 154, 155, 156, 157, 158, 159, 160], "excluded_lines": [], "start_line": 142}, "_update_session_state_worktrees": {"executed_lines": [165, 166], "summary": {"covered_lines": 2, "num_statements": 17, "percent_covered": 11.764705882352942, "percent_covered_display": "12", "missing_lines": 15, "excluded_lines": 0, "percent_statements_covered": 11.764705882352942, "percent_statements_covered_display": "12"}, "missing_lines": [167, 168, 170, 171, 172, 173, 174, 175, 176, 177, 179, 180, 181, 182, 183], "excluded_lines": [], "start_line": 163}, "cmd_create": {"executed_lines": [188, 189, 190, 191, 192, 195, 196, 197, 198, 202, 203, 204, 206, 209, 210, 215, 216, 223, 224, 226, 227, 228, 229, 230, 231], "summary": {"covered_lines": 25, "num_statements": 30, "percent_covered": 83.33333333333333, "percent_covered_display": "83", "missing_lines": 5, "excluded_lines": 0, "percent_statements_covered": 83.33333333333333, "percent_statements_covered_display": "83"}, "missing_lines": [193, 199, 200, 211, 212], "excluded_lines": [], "start_line": 186}, "cmd_list": {"executed_lines": [236, 237, 241, 242, 243, 244, 245], "summary": {"covered_lines": 7, "num_statements": 9, "percent_covered": 77.77777777777777, "percent_covered_display": "78", "missing_lines": 2, "excluded_lines": 0, "percent_statements_covered": 77.77777777777777, "percent_statements_covered_display": "78"}, "missing_lines": [238, 239], "excluded_lines": [], "start_line": 234}, "cmd_merge": {"executed_lines": [250, 251, 252, 253, 255, 256, 257, 259, 266, 267, 268, 269, 270, 273, 274, 279, 281, 289, 290, 296, 299, 300, 301, 302, 304, 305, 306], "summary": {"covered_lines": 27, "num_statements": 40, "percent_covered": 67.5, "percent_covered_display": "68", "missing_lines": 13, "excluded_lines": 0, "percent_statements_covered": 67.5, "percent_statements_covered_display": "68"}, "missing_lines": [260, 262, 263, 264, 275, 276, 282, 283, 284, 285, 286, 292, 293], "excluded_lines": [], "start_line": 248}, "cmd_remove": {"executed_lines": [311, 312, 316, 317, 318, 321, 328, 329, 330, 331, 332, 335, 336, 337, 342, 345, 348, 349, 350, 351, 353, 354], "summary": {"covered_lines": 22, "num_statements": 29, "percent_covered": 75.86206896551724, "percent_covered_display": "76", "missing_lines": 7, "excluded_lines": 0, "percent_statements_covered": 75.86206896551724, "percent_statements_covered_display": "76"}, "missing_lines": [313, 314, 322, 326, 338, 339, 343], "excluded_lines": [], "start_line": 309}, "cmd_clean": {"executed_lines": [359, 360, 361, 362, 364, 365, 366, 367, 369, 370], "summary": {"covered_lines": 10, "num_statements": 10, "percent_covered": 100.0, "percent_covered_display": "100", "missing_lines": 0, "excluded_lines": 0, "percent_statements_covered": 100.0, "percent_statements_covered_display": "100"}, "missing_lines": [], "excluded_lines": [], "start_line": 357}, "main": {"executed_lines": [374, 375, 377, 378, 379, 380, 382, 384, 385, 387, 388, 390, 392, 394, 395, 396, 397, 398, 400, 401, 402, 403], "summary": {"covered_lines": 22, "num_statements": 24, "percent_covered": 91.66666666666667, "percent_covered_display": "92", "missing_lines": 2, "excluded_lines": 0, "percent_statements_covered": 91.66666666666667, "percent_statements_covered_display": "92"}, "missing_lines": [399, 404], "excluded_lines": [], "start_line": 373}, "": {"executed_lines": [42, 44, 45, 46, 47, 48, 49, 50, 52, 53, 54, 56, 57, 63, 68, 69, 70, 73, 76, 81, 95, 104, 121, 142, 163, 186, 234, 248, 309, 357, 373, 407], "summary": {"covered_lines": 32, "num_statements": 33, "percent_covered": 96.96969696969697, "percent_covered_display": "97", "missing_lines": 1, "excluded_lines": 3, "percent_statements_covered": 96.96969696969697, "percent_statements_covered_display": "97"}, "missing_lines": [408], "excluded_lines": [58, 59, 60], "start_line": 1}}, "classes": {"": {"executed_lines": [42, 44, 45, 46, 47, 48, 49, 50, 52, 53, 54, 56, 57, 63, 65, 68, 69, 70, 73, 76, 78, 81, 86, 87, 88, 89, 90, 91, 92, 95, 97, 98, 99, 100, 101, 104, 109, 110, 111, 112, 116, 121, 123, 124, 130, 131, 142, 144, 145, 146, 152, 163, 165, 166, 186, 188, 189, 190, 191, 192, 195, 196, 197, 198, 202, 203, 204, 206, 209, 210, 215, 216, 223, 224, 226, 227, 228, 229, 230, 231, 234, 236, 237, 241, 242, 243, 244, 245, 248, 250, 251, 252, 253, 255, 256, 257, 259, 266, 267, 268, 269, 270, 273, 274, 279, 281, 289, 290, 296, 299, 300, 301, 302, 304, 305, 306, 309, 311, 312, 316, 317, 318, 321, 328, 329, 330, 331, 332, 335, 336, 337, 342, 345, 348, 349, 350, 351, 353, 354, 357, 359, 360, 361, 362, 364, 365, 366, 367, 369, 370, 373, 374, 375, 377, 378, 379, 380, 382, 384, 385, 387, 388, 390, 392, 394, 395, 396, 397, 398, 400, 401, 402, 403, 407], "summary": {"covered_lines": 174, "num_statements": 237, "percent_covered": 73.41772151898734, "percent_covered_display": "73", "missing_lines": 63, "excluded_lines": 3, "percent_statements_covered": 73.41772151898734, "percent_statements_covered_display": "73"}, "missing_lines": [117, 118, 132, 133, 134, 135, 136, 137, 138, 139, 153, 154, 155, 156, 157, 158, 159, 160, 167, 168, 170, 171, 172, 173, 174, 175, 176, 177, 179, 180, 181, 182, 183, 193, 199, 200, 211, 212, 238, 239, 260, 262, 263, 264, 275, 276, 282, 283, 284, 285, 286, 292, 293, 313, 314, 322, 326, 338, 339, 343, 399, 404, 408], "excluded_lines": [58, 59, 60], "start_line": 1}}}}, "totals": {"covered_lines": 8990, "num_statements": 11218, "percent_covered": 80.13906222142984, "percent_covered_display": "80", "missing_lines": 2228, "excluded_lines": 20, "percent_statements_covered": 80.13906222142984, "percent_statements_covered_display": "80"}}